<?xml version="1.0" encoding="UTF-8"?>
<!-- Generated by org.testng.reporters.JUnitReportReporter -->
<testsuite hostname="ANagarkar-LAP-0785" failures="0" tests="2" name="project.testscenarios.LoginScript" time="11.579" errors="0" timestamp="2022-09-13T15:38:24 IST" skipped="0">
  <testcase classname="project.testscenarios.LoginScript" name="ConfigurationSetup" time="0.009"/>
  <system-out/>
  <testcase classname="project.testscenarios.LoginScript" name="validUserNameandPassword" time="11.570"/>
  <system-out/>
</testsuite> <!-- project.testscenarios.LoginScript -->
