<?xml version="1.0" encoding="UTF-8"?>
<!-- Generated by org.testng.reporters.JUnitReportReporter -->
<testsuite hostname="ANagarkar-LAP-0785" failures="0" tests="7" name="project.testscenarios.TestWorkFlow2" time="21.055" errors="0" timestamp="2022-08-24T16:47:34 IST" skipped="0">
  <testcase classname="project.testscenarios.TestWorkFlow2" name="ConfigurationSetup" time="0.008"/>
  <system-out/>
  <testcase classname="project.testscenarios.TestWorkFlow2" name="SelectingDestination" time="2.498"/>
  <system-out/>
  <testcase classname="project.testscenarios.TestWorkFlow2" name="SelectingSource" time="0.647"/>
  <system-out/>
  <testcase classname="project.testscenarios.TestWorkFlow2" name="SelectingBus" time="6.632"/>
  <system-out/>
  <testcase classname="project.testscenarios.TestWorkFlow2" name="SelectingDate" time="2.122"/>
  <system-out/>
  <testcase classname="project.testscenarios.TestWorkFlow2" name="selectSeats" time="4.055"/>
  <system-out/>
  <testcase classname="project.testscenarios.TestWorkFlow2" name="SearchBuses" time="5.093"/>
  <system-out/>
</testsuite> <!-- project.testscenarios.TestWorkFlow2 -->
