<?xml version="1.0" encoding="UTF-8"?>
<!-- Generated by org.testng.reporters.JUnitReportReporter -->
<testsuite hostname="ANagarkar-LAP-0785" failures="0" tests="4" name="project.testscenarios.LoginScript" time="12.358" errors="0" timestamp="2022-09-07T12:19:55 IST" skipped="0">
  <testcase classname="project.testscenarios.LoginScript" name="ConfigurationSetup" time="0.606"/>
  <system-out/>
  <testcase classname="project.testscenarios.LoginScript" name="blankUserNameandPassword" time="3.847"/>
  <system-out/>
  <testcase classname="project.testscenarios.LoginScript" name="inValidUserNameandPassword" time="3.339"/>
  <system-out/>
  <testcase classname="project.testscenarios.LoginScript" name="validUserNameandPassword" time="4.566"/>
  <system-out/>
</testsuite> <!-- project.testscenarios.LoginScript -->
