<?xml version="1.0" encoding="UTF-8"?>
<!-- Generated by org.testng.reporters.JUnitReportReporter -->
<testsuite hostname="ANagarkar-LAP-0785" failures="0" tests="1" name="project.testscenarios.APITest" time="2.562" errors="0" timestamp="2022-09-08T09:15:35 IST" skipped="0">
  <testcase classname="project.testscenarios.APITest" name="APITestCase" time="2.562"/>
  <system-out/>
</testsuite> <!-- project.testscenarios.APITest -->
