<?xml version="1.0" encoding="UTF-8"?>
<!-- Generated by org.testng.reporters.JUnitReportReporter -->
<testsuite hostname="ANagarkar-LAP-0785" failures="0" tests="1" name="Skeleton.Skeleton.AppTest" time="0.011" errors="0" timestamp="2022-08-08T14:58:16 IST" skipped="0">
  <testcase classname="Skeleton.Skeleton.AppTest" name="shouldAnswerWithTrue" time="0.011"/>
  <system-out/>
</testsuite> <!-- Skeleton.Skeleton.AppTest -->
