<?xml version="1.0" encoding="UTF-8"?>
<!-- Generated by org.testng.reporters.JUnitReportReporter -->
<testsuite hostname="ANagarkar-LAP-0785" failures="0" tests="1" name="project.testscenarios.TrackingDevicesScript" time="7.179" errors="0" timestamp="2022-10-06T13:28:20 IST" skipped="0">
  <testcase classname="project.testscenarios.TrackingDevicesScript" name="navigatingDevicesPage" time="7.179"/>
  <system-out/>
</testsuite> <!-- project.testscenarios.TrackingDevicesScript -->
