<?xml version="1.0" encoding="UTF-8"?>
<!-- Generated by org.testng.reporters.JUnitReportReporter -->
<testsuite hostname="ANagarkar-LAP-0785" failures="0" tests="3" name="project.testscenarios.TrackingLinksScript" time="4.801" errors="0" timestamp="2023-01-04T15:47:46 IST" skipped="0">
  <testcase classname="project.testscenarios.TrackingLinksScript" name="NavigatingTrackingLinksPage" time="2.250"/>
  <system-out/>
  <testcase classname="project.testscenarios.TrackingLinksScript" name="SearchTrackingLinks" time="2.327"/>
  <system-out/>
  <testcase classname="project.testscenarios.TrackingLinksScript" name="RecordsOnTrackingLinks" time="0.224"/>
  <system-out/>
</testsuite> <!-- project.testscenarios.TrackingLinksScript -->
