<?xml version="1.0" encoding="UTF-8"?>
<!-- Generated by org.testng.reporters.JUnitReportReporter -->
<testsuite hostname="ANagarkar-LAP-0785" failures="0" tests="1" name="project.testscenarios.LoginScript" time="14.432" errors="0" timestamp="2022-11-15T14:16:52 IST" skipped="0">
  <testcase classname="project.testscenarios.LoginScript" name="validUserNameandPassword" time="14.432"/>
  <system-out/>
</testsuite> <!-- project.testscenarios.LoginScript -->
