<?xml version="1.0" encoding="UTF-8"?>
<!-- Generated by org.testng.reporters.JUnitReportReporter -->
<testsuite hostname="11167-lap-0785" failures="0" tests="3" name="project.testscenarios.DriverSafetyScript" time="24.495" errors="0" timestamp="2023-01-11T14:30:46 IST" skipped="0">
  <testcase classname="project.testscenarios.DriverSafetyScript" name="NavigatingDriverSafetyPage" time="12.243"/>
  <system-out/>
  <testcase classname="project.testscenarios.DriverSafetyScript" name="SearchandVerification" time="5.413"/>
  <system-out/>
  <testcase classname="project.testscenarios.DriverSafetyScript" name="FilterandVerification" time="6.839"/>
  <system-out/>
</testsuite> <!-- project.testscenarios.DriverSafetyScript -->
