<?xml version="1.0" encoding="UTF-8"?>
<!-- Generated by org.testng.reporters.JUnitReportReporter -->
<testsuite hostname="ANagarkar-LAP-0785" failures="0" tests="5" name="project.testscenarios.TruckScript" time="58.631" errors="0" timestamp="2022-10-14T14:27:47 IST" skipped="0">
  <testcase classname="project.testscenarios.TruckScript" name="NavigatingTrucksPage" time="10.438"/>
  <system-out/>
  <testcase classname="project.testscenarios.TruckScript" name="CreatingNewTruck" time="31.333"/>
  <system-out/>
  <testcase classname="project.testscenarios.TruckScript" name="SearchTruckOnDashboard" time="5.998"/>
  <system-out/>
  <testcase classname="project.testscenarios.TruckScript" name="VerifyTruckOnDashboard" time="5.162"/>
  <system-out/>
  <testcase classname="project.testscenarios.TruckScript" name="VerifyTruckOnVehicleDetails" time="5.700"/>
  <system-out/>
</testsuite> <!-- project.testscenarios.TruckScript -->
