<?xml version="1.0" encoding="UTF-8"?>
<!-- Generated by org.testng.reporters.JUnitReportReporter -->
<testsuite hostname="11167-lap-0785" failures="0" tests="3" name="project.testscenarios.DutyStatusSummaryScript" time="70.187" errors="0" timestamp="2023-01-11T16:17:01 IST" skipped="0">
  <testcase classname="project.testscenarios.DutyStatusSummaryScript" name="NavigatingDutyStatusSummaryReport" time="17.023"/>
  <system-out/>
  <testcase classname="project.testscenarios.DutyStatusSummaryScript" name="SearchandVerification" time="35.560"/>
  <system-out/>
  <testcase classname="project.testscenarios.DutyStatusSummaryScript" name="DownloadFunctionality" time="17.604"/>
  <system-out/>
</testsuite> <!-- project.testscenarios.DutyStatusSummaryScript -->
