<?xml version="1.0" encoding="UTF-8"?>
<!-- Generated by org.testng.reporters.JUnitReportReporter -->
<testsuite hostname="ANagarkar-LAP-0785" failures="0" tests="5" name="project.testscenarios.TrackingDevicesScript" time="89.104" errors="0" timestamp="2022-10-14T14:27:47 IST" skipped="0">
  <testcase classname="project.testscenarios.TrackingDevicesScript" name="NavigatingDevicesPage" time="9.525"/>
  <system-out/>
  <testcase classname="project.testscenarios.TrackingDevicesScript" name="AddNewDevice" time="29.613"/>
  <system-out/>
  <testcase classname="project.testscenarios.TrackingDevicesScript" name="SearchAndFilterDevice" time="8.576"/>
  <system-out/>
  <testcase classname="project.testscenarios.TrackingDevicesScript" name="EditDevice" time="9.657"/>
  <system-out/>
  <testcase classname="project.testscenarios.TrackingDevicesScript" name="DeleteDevice" time="31.733"/>
  <system-out/>
</testsuite> <!-- project.testscenarios.TrackingDevicesScript -->
