<?xml version="1.0" encoding="UTF-8"?>
<!-- Generated by org.testng.reporters.JUnitReportReporter -->
<testsuite hostname="Rupali-PC" failures="0" tests="1" name="project.testscenarios.LoginScript" time="17.553" errors="0" timestamp="2023-01-03T17:12:55 IST" skipped="0">
  <testcase classname="project.testscenarios.LoginScript" name="validUserNameandPassword" time="17.553"/>
  <system-out/>
</testsuite> <!-- project.testscenarios.LoginScript -->
