<?xml version="1.0" encoding="UTF-8"?>
<!-- Generated by org.testng.reporters.JUnitReportReporter -->
<testsuite hostname="ANagarkar-LAP-0785" failures="0" tests="3" name="project.testscenarios.ELDLogbookEditsScript" time="26.123" errors="0" timestamp="2023-01-05T15:37:32 IST" skipped="0">
  <testcase classname="project.testscenarios.ELDLogbookEditsScript" name="NavigatingELDLogbookEditReportsPage" time="13.774"/>
  <system-out/>
  <testcase classname="project.testscenarios.ELDLogbookEditsScript" name="SearchandVerification" time="5.345"/>
  <system-out/>
  <testcase classname="project.testscenarios.ELDLogbookEditsScript" name="FilterandVerification" time="7.004"/>
  <system-out/>
</testsuite> <!-- project.testscenarios.ELDLogbookEditsScript -->
