<?xml version="1.0" encoding="UTF-8"?>
<!-- Generated by org.testng.reporters.JUnitReportReporter -->
<testsuite hostname="ANagarkar-LAP-0785" failures="0" tests="4" name="project.testscenarios.TruckScript" time="402.801" errors="0" timestamp="2022-09-14T15:54:48 IST" skipped="0">
  <testcase classname="project.testscenarios.TruckScript" name="CreatingNewTruck" time="23.095"/>
  <system-out/>
  <testcase classname="project.testscenarios.TruckScript" name="SearchTruckOnDashboard" time="14.721"/>
  <system-out/>
  <testcase classname="project.testscenarios.TruckScript" name="VerifyTruckOnDashboard" time="20.563"/>
  <system-out/>
  <testcase classname="project.testscenarios.TruckScript" name="VerifyTruckOnVehicleDetails" time="344.422"/>
  <system-out/>
</testsuite> <!-- project.testscenarios.TruckScript -->
