<?xml version="1.0" encoding="UTF-8"?>
<!-- Generated by org.testng.reporters.JUnitReportReporter -->
<testsuite hostname="ANagarkar-LAP-0785" failures="0" tests="3" name="project.testscenarios.DriverSafetyScript" time="60.530" errors="0" timestamp="2022-12-01T11:23:11 IST" skipped="0">
  <testcase classname="project.testscenarios.DriverSafetyScript" name="NavigatingDriverSafetyPage" time="19.373"/>
  <system-out/>
  <testcase classname="project.testscenarios.DriverSafetyScript" name="SearchandVerification" time="34.145"/>
  <system-out/>
  <testcase classname="project.testscenarios.DriverSafetyScript" name="FilterandVerification" time="7.012"/>
  <system-out/>
</testsuite> <!-- project.testscenarios.DriverSafetyScript -->
