<?xml version="1.0" encoding="UTF-8"?>
<!-- Generated by org.testng.reporters.JUnitReportReporter -->
<testsuite hostname="ANagarkar-LAP-0785" failures="0" tests="3" name="project.testscenarios.TrackingLinksScript" time="7.568" errors="0" timestamp="2022-11-30T11:50:47 IST" skipped="0">
  <testcase classname="project.testscenarios.TrackingLinksScript" name="NavigatingTrackingLinksPage" time="2.216"/>
  <system-out/>
  <testcase classname="project.testscenarios.TrackingLinksScript" name="SearchTrackingLinks" time="5.183"/>
  <system-out/>
  <testcase classname="project.testscenarios.TrackingLinksScript" name="RecordsOnTrackingLinks" time="0.169"/>
  <system-out/>
</testsuite> <!-- project.testscenarios.TrackingLinksScript -->
