<?xml version="1.0" encoding="UTF-8"?>
<!-- Generated by org.testng.reporters.JUnitReportReporter -->
<testsuite hostname="ANagarkar-LAP-0785" failures="0" tests="5" name="project.testscenarios.TruckScript" time="67.763" errors="0" timestamp="2022-11-30T11:50:47 IST" skipped="0">
  <testcase classname="project.testscenarios.TruckScript" name="NavigatingTrucksPage" time="10.241"/>
  <system-out/>
  <testcase classname="project.testscenarios.TruckScript" name="CreatingNewTruck" time="39.790"/>
  <system-out/>
  <testcase classname="project.testscenarios.TruckScript" name="SearchTruckOnDashboard" time="7.333"/>
  <system-out/>
  <testcase classname="project.testscenarios.TruckScript" name="VerifyTruckOnDashboard" time="5.103"/>
  <system-out/>
  <testcase classname="project.testscenarios.TruckScript" name="VerifyTruckOnVehicleDetails" time="5.296"/>
  <system-out/>
</testsuite> <!-- project.testscenarios.TruckScript -->
