<?xml version="1.0" encoding="UTF-8"?>
<!-- Generated by org.testng.reporters.JUnitReportReporter -->
<testsuite hostname="11167-lap-0785" failures="0" tests="4" name="project.testscenarios.FuelEfficiencyReportScript" time="96.403" errors="0" timestamp="2023-01-11T14:30:46 IST" skipped="0">
  <testcase classname="project.testscenarios.FuelEfficiencyReportScript" name="NavigatingFuelEfficiencyPage" time="12.249"/>
  <system-out/>
  <testcase classname="project.testscenarios.FuelEfficiencyReportScript" name="SearchandVerification" time="27.286"/>
  <system-out/>
  <testcase classname="project.testscenarios.FuelEfficiencyReportScript" name="DownloadFunctionality" time="11.418"/>
  <system-out/>
  <testcase classname="project.testscenarios.FuelEfficiencyReportScript" name="FilterandVerification" time="45.450"/>
  <system-out/>
</testsuite> <!-- project.testscenarios.FuelEfficiencyReportScript -->
