<?xml version="1.0" encoding="UTF-8"?>
<!-- Generated by org.testng.reporters.JUnitReportReporter -->
<testsuite hostname="ANagarkar-LAP-0785" failures="0" tests="2" name="project.testscenarios.ReportsScript" time="112.941" errors="0" timestamp="2022-12-01T11:23:11 IST" skipped="0">
  <testcase classname="project.testscenarios.ReportsScript" name="Navigation" time="92.576"/>
  <system-out/>
  <testcase classname="project.testscenarios.ReportsScript" name="SearchandVerification" time="20.365"/>
  <system-out/>
</testsuite> <!-- project.testscenarios.ReportsScript -->
