<?xml version="1.0" encoding="UTF-8"?>
<!-- Generated by org.testng.reporters.JUnitReportReporter -->
<testsuite hostname="11167-lap-0785" failures="0" tests="2" name="project.testscenarios.ELDDevicesScript" time="23.342" errors="0" timestamp="2023-01-11T14:30:46 IST" skipped="0">
  <testcase classname="project.testscenarios.ELDDevicesScript" name="NavigatingELDDevicesPage" time="15.972"/>
  <system-out/>
  <testcase classname="project.testscenarios.ELDDevicesScript" name="ELDCountandRecord" time="7.370"/>
  <system-out/>
</testsuite> <!-- project.testscenarios.ELDDevicesScript -->
