<?xml version="1.0" encoding="UTF-8"?>
<!-- Generated by org.testng.reporters.JUnitReportReporter -->
<testsuite hostname="ANagarkar-LAP-0785" failures="0" tests="3" name="project.testscenarios.CompanyProfileScript" time="39.697" errors="0" timestamp="2022-11-11T11:47:12 IST" skipped="0">
  <testcase classname="project.testscenarios.CompanyProfileScript" name="NavigatingCompanyProfilePage" time="2.451"/>
  <system-out/>
  <testcase classname="project.testscenarios.CompanyProfileScript" name="CompanyProfileDetails" time="0.114"/>
  <system-out/>
  <testcase classname="project.testscenarios.CompanyProfileScript" name="EditCompanyProfileFunctionality" time="37.132"/>
  <system-out/>
</testsuite> <!-- project.testscenarios.CompanyProfileScript -->
