<?xml version="1.0" encoding="UTF-8"?>
<!-- Generated by org.testng.reporters.JUnitReportReporter -->
<testsuite hostname="ANagarkar-LAP-0785" failures="0" tests="1" name="project.testscenarios.LogoutScript" time="0.000" errors="0" timestamp="2023-01-03T14:06:33 IST" skipped="1">
  <testcase classname="project.testscenarios.LogoutScript" name="Logout" time="0.000">
    <skipped/>
  </testcase> <!-- Logout -->
  <system-out/>
</testsuite> <!-- project.testscenarios.LogoutScript -->
