<?xml version="1.0" encoding="UTF-8"?>
<!-- Generated by org.testng.reporters.JUnitReportReporter -->
<testsuite hostname="ANagarkar-LAP-0785" failures="0" tests="1" name="project.testscenarios.DeleteTestData" time="42.683" errors="0" timestamp="2022-11-30T11:50:47 IST" skipped="0">
  <testcase classname="project.testscenarios.DeleteTestData" name="DeletingCreatedTestdata" time="42.683"/>
  <system-out/>
</testsuite> <!-- project.testscenarios.DeleteTestData -->
