<?xml version="1.0" encoding="UTF-8"?>
<!-- Generated by org.testng.reporters.JUnitReportReporter -->
<testsuite hostname="ANagarkar-LAP-0785" failures="0" tests="4" name="project.testscenarios.TruckScript" time="111.162" errors="0" timestamp="2023-01-05T17:32:20 IST" skipped="0">
  <testcase classname="project.testscenarios.TruckScript" name="NavigatingTrucksPage" time="3.219"/>
  <system-out/>
  <testcase classname="project.testscenarios.TruckScript" name="NewTruck" time="38.451"/>
  <system-out/>
  <testcase classname="project.testscenarios.TruckScript" name="Search" time="51.185"/>
  <system-out/>
  <testcase classname="project.testscenarios.TruckScript" name="VehicleDetailsFunctionality" time="18.307"/>
  <system-out/>
</testsuite> <!-- project.testscenarios.TruckScript -->
