<?xml version="1.0" encoding="UTF-8"?>
<!-- Generated by org.testng.reporters.JUnitReportReporter -->
<testsuite hostname="ANagarkar-LAP-0785" failures="0" tests="6" name="project.testscenarios.DriversScript" time="165.558" errors="0" timestamp="2022-12-15T11:00:11 IST" skipped="0">
  <testcase classname="project.testscenarios.DriversScript" name="NavigatingDriverPage" time="2.345"/>
  <system-out/>
  <testcase classname="project.testscenarios.DriversScript" name="VerifyRecords" time="8.949"/>
  <system-out/>
  <testcase classname="project.testscenarios.DriversScript" name="SearchFunctionality" time="4.452"/>
  <system-out/>
  <testcase classname="project.testscenarios.DriversScript" name="CreateDriverFunctionality" time="76.480"/>
  <system-out/>
  <testcase classname="project.testscenarios.DriversScript" name="EditDriverFunctionality" time="42.540"/>
  <system-out/>
  <testcase classname="project.testscenarios.DriversScript" name="DeleteDriverFunctionality" time="30.792"/>
  <system-out/>
</testsuite> <!-- project.testscenarios.DriversScript -->
