<?xml version="1.0" encoding="UTF-8"?>
<!-- Generated by org.testng.reporters.JUnitReportReporter -->
<testsuite hostname="ANagarkar-LAP-0785" failures="0" tests="2" name="project.testscenarios.IFTAReportScript" time="20.598" errors="0" timestamp="2022-11-30T11:50:47 IST" skipped="0">
  <testcase classname="project.testscenarios.IFTAReportScript" name="NavigatingIFTAReportPage" time="2.189"/>
  <system-out/>
  <testcase classname="project.testscenarios.IFTAReportScript" name="SearchOnIFTAReport" time="18.409"/>
  <system-out/>
</testsuite> <!-- project.testscenarios.IFTAReportScript -->
