<?xml version="1.0" encoding="UTF-8"?>
<!-- Generated by org.testng.reporters.JUnitReportReporter -->
<testsuite hostname="ANagarkar-LAP-0785" failures="0" tests="2" name="project.testscenarios.FeatureScript" time="67.534" errors="0" timestamp="2022-12-07T16:30:13 IST" skipped="0">
  <testcase classname="project.testscenarios.FeatureScript" name="NavigatingFeaturePage" time="59.985"/>
  <system-out/>
  <testcase classname="project.testscenarios.FeatureScript" name="FeaturePageVerification" time="7.549"/>
  <system-out/>
</testsuite> <!-- project.testscenarios.FeatureScript -->
