<?xml version="1.0" encoding="UTF-8"?>
<!-- Generated by org.testng.reporters.JUnitReportReporter -->
<testsuite hostname="ANagarkar-LAP-0785" failures="0" tests="4" name="project.testscenarios.TemperatureHumidityScript" time="27.718" errors="0" timestamp="2022-12-06T17:23:47 IST" skipped="0">
  <testcase classname="project.testscenarios.TemperatureHumidityScript" name="NavigatingTemperatureandHumidityReportPage" time="10.413"/>
  <system-out/>
  <testcase classname="project.testscenarios.TemperatureHumidityScript" name="SearchandVerification" time="5.256"/>
  <system-out/>
  <testcase classname="project.testscenarios.TemperatureHumidityScript" name="FilterandVerification" time="6.026"/>
  <system-out/>
  <testcase classname="project.testscenarios.TemperatureHumidityScript" name="DownloadFunctionality" time="6.023"/>
  <system-out/>
</testsuite> <!-- project.testscenarios.TemperatureHumidityScript -->
