<?xml version="1.0" encoding="UTF-8"?>
<!-- Generated by org.testng.reporters.JUnitReportReporter -->
<testsuite hostname="ANagarkar-LAP-0785" failures="0" tests="6" name="project.testscenarios.DriversScript" time="185.061" errors="0" timestamp="2023-01-03T13:15:20 IST" skipped="0">
  <testcase classname="project.testscenarios.DriversScript" name="NavigatingDriverPage" time="2.277"/>
  <system-out/>
  <testcase classname="project.testscenarios.DriversScript" name="VerifyRecords" time="28.340"/>
  <system-out/>
  <testcase classname="project.testscenarios.DriversScript" name="SearchFunctionality" time="30.425"/>
  <system-out/>
  <testcase classname="project.testscenarios.DriversScript" name="CreateDriverFunctionality" time="39.741"/>
  <system-out/>
  <testcase classname="project.testscenarios.DriversScript" name="EditDriverFunctionality" time="49.816"/>
  <system-out/>
  <testcase classname="project.testscenarios.DriversScript" name="DeleteDriverFunctionality" time="34.462"/>
  <system-out/>
</testsuite> <!-- project.testscenarios.DriversScript -->
