<?xml version="1.0" encoding="UTF-8"?>
<!-- Generated by org.testng.reporters.JUnitReportReporter -->
<testsuite hostname="ANagarkar-LAP-0785" failures="0" tests="1" name="project.testscenarios.DeleteTestData" time="0.000" errors="0" timestamp="2023-01-03T14:06:33 IST" skipped="1">
  <testcase classname="project.testscenarios.DeleteTestData" name="DeletingTestdata" time="0.000">
    <skipped/>
  </testcase> <!-- DeletingTestdata -->
  <system-out/>
</testsuite> <!-- project.testscenarios.DeleteTestData -->
