<?xml version="1.0" encoding="UTF-8"?>
<!-- Generated by org.testng.reporters.JUnitReportReporter -->
<testsuite hostname="ANagarkar-LAP-0785" failures="0" tests="2" name="project.testscenarios.AlertsScript" time="162.060" errors="0" timestamp="2022-11-11T11:47:12 IST" skipped="0">
  <testcase classname="project.testscenarios.AlertsScript" name="NavigatingAlertsPage" time="2.912"/>
  <system-out/>
  <testcase classname="project.testscenarios.AlertsScript" name="NumberOfAlertsandVerification" time="159.148"/>
  <system-out/>
</testsuite> <!-- project.testscenarios.AlertsScript -->
