<?xml version="1.0" encoding="UTF-8"?>
<!-- Generated by org.testng.reporters.JUnitReportReporter -->
<testsuite hostname="11167-lap-0785" failures="0" tests="1" name="project.testscenarios.LoginScript" time="7.658" errors="0" timestamp="2023-01-11T16:17:01 IST" skipped="0">
  <testcase classname="project.testscenarios.LoginScript" name="validUserNameandPassword" time="7.658"/>
  <system-out/>
</testsuite> <!-- project.testscenarios.LoginScript -->
