<?xml version="1.0" encoding="UTF-8"?>
<!-- Generated by org.testng.reporters.JUnitReportReporter -->
<testsuite hostname="11167-lap-0785" failures="0" tests="4" name="project.testscenarios.TruckScript" time="57.569" errors="0" timestamp="2023-01-11T14:30:46 IST" skipped="0">
  <testcase classname="project.testscenarios.TruckScript" name="NavigatingTrucksPage" time="3.267"/>
  <system-out/>
  <testcase classname="project.testscenarios.TruckScript" name="NewTruck" time="48.076"/>
  <system-out/>
  <testcase classname="project.testscenarios.TruckScript" name="Search" time="2.460"/>
  <system-out/>
  <testcase classname="project.testscenarios.TruckScript" name="VehicleDetailsFunctionality" time="3.766"/>
  <system-out/>
</testsuite> <!-- project.testscenarios.TruckScript -->
