<?xml version="1.0" encoding="UTF-8"?>
<!-- Generated by org.testng.reporters.JUnitReportReporter -->
<testsuite hostname="ANagarkar-LAP-0785" failures="0" tests="1" name="project.testscenarios.TruckScript" time="38.449" errors="0" timestamp="2022-09-15T20:51:25 IST" skipped="0">
  <testcase classname="project.testscenarios.TruckScript" name="CreatingNewTruck" time="38.449"/>
  <system-out/>
</testsuite> <!-- project.testscenarios.TruckScript -->
