<?xml version="1.0" encoding="UTF-8"?>
<!-- Generated by org.testng.reporters.JUnitReportReporter -->
<testsuite hostname="ANagarkar-LAP-0785" failures="0" tests="7" name="project.testscenarios.BillingDetailsScript" time="198.005" errors="0" timestamp="2023-01-03T13:15:20 IST" skipped="0">
  <testcase classname="project.testscenarios.BillingDetailsScript" name="NavigatingBillingDetailsPage" time="20.363"/>
  <system-out/>
  <testcase classname="project.testscenarios.BillingDetailsScript" name="UpgradeFunctionality" time="97.042"/>
  <system-out/>
  <testcase classname="project.testscenarios.BillingDetailsScript" name="AddMoreDeviceFunctionality" time="20.315"/>
  <system-out/>
  <testcase classname="project.testscenarios.BillingDetailsScript" name="BuyAccessoriesFunctionality" time="11.501"/>
  <system-out/>
  <testcase classname="project.testscenarios.BillingDetailsScript" name="NoOverduesFunctionality" time="21.232"/>
  <system-out/>
  <testcase classname="project.testscenarios.BillingDetailsScript" name="NextBillingFunctionality" time="21.280"/>
  <system-out/>
  <testcase classname="project.testscenarios.BillingDetailsScript" name="HistoryFunctionality" time="6.272"/>
  <system-out/>
</testsuite> <!-- project.testscenarios.BillingDetailsScript -->
