<?xml version="1.0" encoding="UTF-8"?>
<!-- Generated by org.testng.reporters.JUnitReportReporter -->
<testsuite hostname="ANagarkar-LAP-0785" failures="0" tests="3" name="project.testscenarios.PostTripDVIRReportScript" time="19.337" errors="0" timestamp="2023-01-03T13:15:20 IST" skipped="0">
  <testcase classname="project.testscenarios.PostTripDVIRReportScript" name="NavigatingPostTripDVIRPage" time="7.362"/>
  <system-out/>
  <testcase classname="project.testscenarios.PostTripDVIRReportScript" name="SearchandVerification" time="5.273"/>
  <system-out/>
  <testcase classname="project.testscenarios.PostTripDVIRReportScript" name="FilterandVerification" time="6.702"/>
  <system-out/>
</testsuite> <!-- project.testscenarios.PostTripDVIRReportScript -->
