<?xml version="1.0" encoding="UTF-8"?>
<!-- Generated by org.testng.reporters.JUnitReportReporter -->
<testsuite hostname="11167-lap-0785" failures="0" tests="3" name="project.testscenarios.PreTripDVIRReportScript" time="67.428" errors="0" timestamp="2023-01-11T14:30:46 IST" skipped="0">
  <testcase classname="project.testscenarios.PreTripDVIRReportScript" name="NavigatingPreTripDVIRPage" time="13.513"/>
  <system-out/>
  <testcase classname="project.testscenarios.PreTripDVIRReportScript" name="SearchandVerification" time="25.334"/>
  <system-out/>
  <testcase classname="project.testscenarios.PreTripDVIRReportScript" name="FilterandVerification" time="28.581"/>
  <system-out/>
</testsuite> <!-- project.testscenarios.PreTripDVIRReportScript -->
