<?xml version="1.0" encoding="UTF-8"?>
<!-- Generated by org.testng.reporters.JUnitReportReporter -->
<testsuite hostname="11167-lap-0785" failures="0" tests="3" name="project.testscenarios.HOSComplianceScript" time="27.784" errors="0" timestamp="2023-01-11T14:30:46 IST" skipped="0">
  <testcase classname="project.testscenarios.HOSComplianceScript" name="NavigatingHOSComplianceReport" time="14.293"/>
  <system-out/>
  <testcase classname="project.testscenarios.HOSComplianceScript" name="SearchandVerification" time="5.291"/>
  <system-out/>
  <testcase classname="project.testscenarios.HOSComplianceScript" name="FilterandVerification" time="8.200"/>
  <system-out/>
</testsuite> <!-- project.testscenarios.HOSComplianceScript -->
