<?xml version="1.0" encoding="UTF-8"?>
<!-- Generated by org.testng.reporters.JUnitReportReporter -->
<testsuite hostname="ANagarkar-LAP-0785" failures="0" tests="1" name="project.testscenarios.LogoutScript" time="40.017" errors="0" timestamp="2022-11-30T11:50:47 IST" skipped="0">
  <testcase classname="project.testscenarios.LogoutScript" name="LogoutClickflow" time="40.017"/>
  <system-out/>
</testsuite> <!-- project.testscenarios.LogoutScript -->
