<?xml version="1.0" encoding="UTF-8"?>
<!-- Generated by org.testng.reporters.JUnitReportReporter -->
<testsuite hostname="ANagarkar-LAP-0785" failures="0" tests="4" name="project.testscenarios.DashCameraScript" time="91.641" errors="0" timestamp="2022-11-15T14:16:52 IST" skipped="0">
  <testcase classname="project.testscenarios.DashCameraScript" name="NavigatingDashCamerasPage" time="63.628"/>
  <system-out/>
  <testcase classname="project.testscenarios.DashCameraScript" name="DashCameraCount" time="6.217"/>
  <system-out/>
  <testcase classname="project.testscenarios.DashCameraScript" name="SearchDashCamera" time="6.496"/>
  <system-out/>
  <testcase classname="project.testscenarios.DashCameraScript" name="DashCameraData" time="15.300"/>
  <system-out/>
</testsuite> <!-- project.testscenarios.DashCameraScript -->
