<?xml version="1.0" encoding="UTF-8"?>
<!-- Generated by org.testng.reporters.JUnitReportReporter -->
<testsuite hostname="11167-lap-0785" failures="0" tests="1" name="project.RandomVinAPI.RandomAPI" time="4.945" errors="0" timestamp="2023-02-16T14:24:41 IST" skipped="0">
  <testcase classname="project.RandomVinAPI.RandomAPI" name="getVin" time="4.945"/>
  <system-out/>
</testsuite> <!-- project.RandomVinAPI.RandomAPI -->
