<?xml version="1.0" encoding="UTF-8"?>
<!-- Generated by org.testng.reporters.JUnitReportReporter -->
<testsuite hostname="ANagarkar-LAP-0785" failures="0" tests="1" name="project.testscenarios.DashboardScript" time="5.286" errors="0" timestamp="2022-09-21T15:27:39 IST" skipped="0">
  <testcase classname="project.testscenarios.DashboardScript" name="navigatingTrucksPage" time="5.286"/>
  <system-out/>
</testsuite> <!-- project.testscenarios.DashboardScript -->
