<?xml version="1.0" encoding="UTF-8"?>
<!-- Generated by org.testng.reporters.JUnitReportReporter -->
<testsuite hostname="ANagarkar-LAP-0785" failures="0" tests="3" name="project.testscenarios.APIKeyTransferScript" time="46.249" errors="0" timestamp="2022-11-11T11:47:12 IST" skipped="0">
  <testcase classname="project.testscenarios.APIKeyTransferScript" name="NavigatingAssetPage" time="2.296"/>
  <system-out/>
  <testcase classname="project.testscenarios.APIKeyTransferScript" name="APITransferActiveandExpiredCountPage" time="5.189"/>
  <system-out/>
  <testcase classname="project.testscenarios.APIKeyTransferScript" name="ShareAPIKeyTransferFunctionality" time="38.764"/>
  <system-out/>
</testsuite> <!-- project.testscenarios.APIKeyTransferScript -->
