<?xml version="1.0" encoding="UTF-8"?>
<!-- Generated by org.testng.reporters.JUnitReportReporter -->
<testsuite hostname="ANagarkar-LAP-0785" failures="0" tests="2" name="project.testscenarios.AlertsScript" time="12.063" errors="0" timestamp="2022-11-30T11:50:47 IST" skipped="0">
  <testcase classname="project.testscenarios.AlertsScript" name="NavigatingAlertsPage" time="6.374"/>
  <system-out/>
  <testcase classname="project.testscenarios.AlertsScript" name="NumberOfAlertsandVerification" time="5.689"/>
  <system-out/>
</testsuite> <!-- project.testscenarios.AlertsScript -->
