<?xml version="1.0" encoding="UTF-8"?>
<!-- Generated by org.testng.reporters.JUnitReportReporter -->
<testsuite hostname="ANagarkar-LAP-0785" failures="0" tests="6" name="project.testscenarios.TruckScript" time="77.974" errors="0" timestamp="2022-09-23T16:24:01 IST" skipped="0">
  <testcase classname="project.testscenarios.TruckScript" name="navigatingTrucksPage" time="5.232"/>
  <system-out/>
  <testcase classname="project.testscenarios.TruckScript" name="CreatingNewTruck" time="50.921"/>
  <system-out/>
  <testcase classname="project.testscenarios.TruckScript" name="SearchTruckOnDashboard" time="5.531"/>
  <system-out/>
  <testcase classname="project.testscenarios.TruckScript" name="VerifyTruckOnDashboard" time="5.153"/>
  <system-out/>
  <testcase classname="project.testscenarios.TruckScript" name="VerifyTruckOnVehicleDetails" time="5.715"/>
  <system-out/>
  <testcase classname="project.testscenarios.TruckScript" name="navigatingTrailerPage" time="5.422"/>
  <system-out/>
</testsuite> <!-- project.testscenarios.TruckScript -->
