<?xml version="1.0" encoding="UTF-8"?>
<!-- Generated by org.testng.reporters.JUnitReportReporter -->
<testsuite hostname="ANagarkar-LAP-0785" failures="0" tests="5" name="project.testscenarios.TrackingDevicesScript" time="166.349" errors="0" timestamp="2022-11-11T11:47:12 IST" skipped="0">
  <testcase classname="project.testscenarios.TrackingDevicesScript" name="NavigatingDevicesPage" time="18.236"/>
  <system-out/>
  <testcase classname="project.testscenarios.TrackingDevicesScript" name="AddNewDevice" time="35.997"/>
  <system-out/>
  <testcase classname="project.testscenarios.TrackingDevicesScript" name="SearchAndFilterDevice" time="15.078"/>
  <system-out/>
  <testcase classname="project.testscenarios.TrackingDevicesScript" name="EditDevice" time="17.604"/>
  <system-out/>
  <testcase classname="project.testscenarios.TrackingDevicesScript" name="DeleteDevice" time="79.434"/>
  <system-out/>
</testsuite> <!-- project.testscenarios.TrackingDevicesScript -->
