<?xml version="1.0" encoding="UTF-8"?>
<!-- Generated by org.testng.reporters.JUnitReportReporter -->
<testsuite hostname="11167-lap-0785" failures="0" tests="3" name="project.testscenarios.MessageScript" time="24.559" errors="0" timestamp="2023-01-11T14:30:46 IST" skipped="0">
  <testcase classname="project.testscenarios.MessageScript" name="NavigatingMessagePage" time="2.198"/>
  <system-out/>
  <testcase classname="project.testscenarios.MessageScript" name="SearchandVerification" time="6.482"/>
  <system-out/>
  <testcase classname="project.testscenarios.MessageScript" name="FilterandVerification" time="15.879"/>
  <system-out/>
</testsuite> <!-- project.testscenarios.MessageScript -->
