<?xml version="1.0" encoding="UTF-8"?>
<!-- Generated by org.testng.reporters.JUnitReportReporter -->
<testsuite hostname="ANagarkar-LAP-0785" failures="0" tests="5" name="project.testscenarios.TruckScript" time="62.317" errors="0" timestamp="2022-11-02T14:01:45 IST" skipped="0">
  <testcase classname="project.testscenarios.TruckScript" name="NavigatingTrucksPage" time="10.793"/>
  <system-out/>
  <testcase classname="project.testscenarios.TruckScript" name="CreatingNewTruck" time="33.346"/>
  <system-out/>
  <testcase classname="project.testscenarios.TruckScript" name="SearchTruckOnDashboard" time="7.476"/>
  <system-out/>
  <testcase classname="project.testscenarios.TruckScript" name="VerifyTruckOnDashboard" time="5.143"/>
  <system-out/>
  <testcase classname="project.testscenarios.TruckScript" name="VerifyTruckOnVehicleDetails" time="5.559"/>
  <system-out/>
</testsuite> <!-- project.testscenarios.TruckScript -->
