<?xml version="1.0" encoding="UTF-8"?>
<!-- Generated by org.testng.reporters.JUnitReportReporter -->
<testsuite hostname="ANagarkar-LAP-0785" failures="0" tests="1" name="project.testscenarios.TrailerScript" time="7.579" errors="0" timestamp="2022-09-23T16:24:01 IST" skipped="0">
  <testcase classname="project.testscenarios.TrailerScript" name="CreatingNewTrailer" time="7.579"/>
  <system-out/>
</testsuite> <!-- project.testscenarios.TrailerScript -->
