<?xml version="1.0" encoding="UTF-8"?>
<!-- Generated by org.testng.reporters.JUnitReportReporter -->
<testsuite hostname="ANagarkar-LAP-0785" failures="0" tests="4" name="project.testscenarios.DutyStatusSummaryScript" time="51.276" errors="0" timestamp="2023-01-05T16:03:41 IST" skipped="0">
  <testcase classname="project.testscenarios.DutyStatusSummaryScript" name="NavigatingDutyStatusSummaryReport" time="16.035"/>
  <system-out/>
  <testcase classname="project.testscenarios.DutyStatusSummaryScript" name="SearchandVerification" time="20.316"/>
  <system-out/>
  <testcase classname="project.testscenarios.DutyStatusSummaryScript" name="FilterandVerification" time="5.404"/>
  <system-out/>
  <testcase classname="project.testscenarios.DutyStatusSummaryScript" name="DownloadFunctionality" time="9.521"/>
  <system-out/>
</testsuite> <!-- project.testscenarios.DutyStatusSummaryScript -->
