<?xml version="1.0" encoding="UTF-8"?>
<!-- Generated by org.testng.reporters.JUnitReportReporter -->
<testsuite hostname="ANagarkar-LAP-0785" failures="0" tests="3" name="project.testscenarios.AlertsScript" time="0.001" errors="0" timestamp="2023-01-03T14:06:33 IST" skipped="3">
  <testcase classname="project.testscenarios.AlertsScript" name="NavigatingAlertsPage" time="0.000">
    <skipped/>
  </testcase> <!-- NavigatingAlertsPage -->
  <system-out/>
  <testcase classname="project.testscenarios.AlertsScript" name="AlertCountsandVerification" time="0.000">
    <skipped/>
  </testcase> <!-- AlertCountsandVerification -->
  <system-out/>
  <testcase classname="project.testscenarios.AlertsScript" name="DownloadAlerts" time="0.001">
    <skipped/>
  </testcase> <!-- DownloadAlerts -->
  <system-out/>
</testsuite> <!-- project.testscenarios.AlertsScript -->
