<?xml version="1.0" encoding="UTF-8"?>
<!-- Generated by org.testng.reporters.JUnitReportReporter -->
<testsuite hostname="11167-lap-0785" failures="0" tests="3" name="project.testscenarios.AssetsScript" time="70.726" errors="0" timestamp="2023-01-11T14:30:46 IST" skipped="0">
  <testcase classname="project.testscenarios.AssetsScript" name="NavigatingAssetPage" time="2.472"/>
  <system-out/>
  <testcase classname="project.testscenarios.AssetsScript" name="ListViewOfAssets" time="44.997"/>
  <system-out/>
  <testcase classname="project.testscenarios.AssetsScript" name="SearchAssets" time="23.257"/>
  <system-out/>
</testsuite> <!-- project.testscenarios.AssetsScript -->
