<?xml version="1.0" encoding="UTF-8"?>
<!-- Generated by org.testng.reporters.JUnitReportReporter -->
<testsuite hostname="11167-lap-0785" failures="0" tests="3" name="project.testscenarios.ELDLogbookEditsScript" time="44.222" errors="0" timestamp="2023-01-11T14:30:46 IST" skipped="0">
  <testcase classname="project.testscenarios.ELDLogbookEditsScript" name="NavigatingELDLogbookEditReportsPage" time="13.421"/>
  <system-out/>
  <testcase classname="project.testscenarios.ELDLogbookEditsScript" name="SearchandVerification" time="5.344"/>
  <system-out/>
  <testcase classname="project.testscenarios.ELDLogbookEditsScript" name="FilterandVerification" time="25.457"/>
  <system-out/>
</testsuite> <!-- project.testscenarios.ELDLogbookEditsScript -->
