<?xml version="1.0" encoding="UTF-8"?>
<!-- Generated by org.testng.reporters.JUnitReportReporter -->
<testsuite hostname="ANagarkar-LAP-0785" failures="0" tests="4" name="project.testscenarios.TripHistoryReportScript" time="49.674" errors="0" timestamp="2022-12-06T17:00:03 IST" skipped="0">
  <testcase classname="project.testscenarios.TripHistoryReportScript" name="NavigatingTripHistoryPage" time="10.448"/>
  <system-out/>
  <testcase classname="project.testscenarios.TripHistoryReportScript" name="SearchandVerification" time="5.346"/>
  <system-out/>
  <testcase classname="project.testscenarios.TripHistoryReportScript" name="DownloadFunctionality" time="13.355"/>
  <system-out/>
  <testcase classname="project.testscenarios.TripHistoryReportScript" name="FilterandVerification" time="20.525"/>
  <system-out/>
</testsuite> <!-- project.testscenarios.TripHistoryReportScript -->
