<?xml version="1.0" encoding="UTF-8"?>
<!-- Generated by org.testng.reporters.JUnitReportReporter -->
<testsuite hostname="ANagarkar-LAP-0785" failures="0" tests="2" name="project.testscenarios.ELDDevicesScript" time="31.439" errors="0" timestamp="2022-11-15T14:16:52 IST" skipped="0">
  <testcase classname="project.testscenarios.ELDDevicesScript" name="NavigatingELDDevicesPage" time="24.091"/>
  <system-out/>
  <testcase classname="project.testscenarios.ELDDevicesScript" name="ELDCountandRecord" time="7.348"/>
  <system-out/>
</testsuite> <!-- project.testscenarios.ELDDevicesScript -->
