<?xml version="1.0" encoding="UTF-8"?>
<!-- Generated by org.testng.reporters.JUnitReportReporter -->
<testsuite hostname="ANagarkar-LAP-0785" failures="0" tests="4" name="project.testscenarios.DriversScript" time="34.160" errors="0" timestamp="2022-12-06T18:34:30 IST" skipped="0">
  <testcase classname="project.testscenarios.DriversScript" name="NavigatingDriverPage" time="2.240"/>
  <system-out/>
  <testcase classname="project.testscenarios.DriversScript" name="VerifyRecords" time="8.888"/>
  <system-out/>
  <testcase classname="project.testscenarios.DriversScript" name="SearchFunctionality" time="4.452"/>
  <system-out/>
  <testcase classname="project.testscenarios.DriversScript" name="CreateDriverFunctionality" time="18.580"/>
  <system-out/>
</testsuite> <!-- project.testscenarios.DriversScript -->
