<?xml version="1.0" encoding="UTF-8"?>
<!-- Generated by org.testng.reporters.JUnitReportReporter -->
<testsuite hostname="Rupali-PC" failures="0" tests="1" name="project.testscenarios.LogoutScript" time="15.333" errors="0" timestamp="2022-11-14T18:01:56 IST" skipped="0">
  <testcase classname="project.testscenarios.LogoutScript" name="LogoutClickflow" time="15.333"/>
  <system-out/>
</testsuite> <!-- project.testscenarios.LogoutScript -->
