<?xml version="1.0" encoding="UTF-8"?>
<!-- Generated by org.testng.reporters.JUnitReportReporter -->
<testsuite hostname="ANagarkar-LAP-0785" failures="0" tests="4" name="project.testscenarios.LoginScript" time="26.139" errors="0" timestamp="2022-10-14T14:27:47 IST" skipped="0">
  <testcase classname="project.testscenarios.LoginScript" name="ConfigurationSetup" time="0.009"/>
  <system-out/>
  <testcase classname="project.testscenarios.LoginScript" name="blankUserNameandPassword" time="7.214"/>
  <system-out/>
  <testcase classname="project.testscenarios.LoginScript" name="inValidUserNameandPassword" time="6.494"/>
  <system-out/>
  <testcase classname="project.testscenarios.LoginScript" name="validUserNameandPassword" time="12.422"/>
  <system-out/>
</testsuite> <!-- project.testscenarios.LoginScript -->
