<?xml version="1.0" encoding="UTF-8"?>
<!-- Generated by org.testng.reporters.JUnitReportReporter -->
<testsuite hostname="ANagarkar-LAP-0785" failures="0" tests="4" name="project.testscenarios.AssetsScript" time="68.981" errors="0" timestamp="2022-11-30T11:50:47 IST" skipped="0">
  <testcase classname="project.testscenarios.AssetsScript" name="NavigatingAssetPage" time="2.347"/>
  <system-out/>
  <testcase classname="project.testscenarios.AssetsScript" name="ListViewOfAssets" time="43.379"/>
  <system-out/>
  <testcase classname="project.testscenarios.AssetsScript" name="SearchAssetsOnAssets" time="8.197"/>
  <system-out/>
  <testcase classname="project.testscenarios.AssetsScript" name="AssetsAsPerSearch" time="15.058"/>
  <system-out/>
</testsuite> <!-- project.testscenarios.AssetsScript -->
