<?xml version="1.0" encoding="UTF-8"?>
<!-- Generated by org.testng.reporters.JUnitReportReporter -->
<testsuite hostname="ANagarkar-LAP-0785" failures="0" tests="16" name="project.testscenarios.TrailerScript" time="365.923" errors="0" timestamp="2022-11-02T14:01:45 IST" skipped="0">
  <testcase classname="project.testscenarios.TrailerScript" name="NavigatingTrailerPage" time="7.966"/>
  <system-out/>
  <testcase classname="project.testscenarios.TrailerScript" name="CreatingNewTrailer" time="9.741"/>
  <system-out/>
  <testcase classname="project.testscenarios.TrailerScript" name="VerifyNewlyAddedTrailer" time="12.821"/>
  <system-out/>
  <testcase classname="project.testscenarios.TrailerScript" name="AssignTrailerToTruck" time="47.237"/>
  <system-out/>
  <testcase classname="project.testscenarios.TrailerScript" name="VerifyAssignedTrailerToTruck" time="5.357"/>
  <system-out/>
  <testcase classname="project.testscenarios.TrailerScript" name="UnAssignTrailerFromTruck" time="32.353"/>
  <system-out/>
  <testcase classname="project.testscenarios.TrailerScript" name="VerifyUnAssignedTrailerToTruck" time="5.374"/>
  <system-out/>
  <testcase classname="project.testscenarios.TrailerScript" name="EditTrailer" time="36.680"/>
  <system-out/>
  <testcase classname="project.testscenarios.TrailerScript" name="DeleteTrailer" time="65.711"/>
  <system-out/>
  <testcase classname="project.testscenarios.TrailerScript" name="NavigatingDeletedTrailerPage" time="13.139"/>
  <system-out/>
  <testcase classname="project.testscenarios.TrailerScript" name="ActivateTrailer" time="14.982"/>
  <system-out/>
  <testcase classname="project.testscenarios.TrailerScript" name="VerifyActivateTrailer" time="27.323"/>
  <system-out/>
  <testcase classname="project.testscenarios.TrailerScript" name="DeleteTruck" time="49.133"/>
  <system-out/>
  <testcase classname="project.testscenarios.TrailerScript" name="NavigatingDeletedTruckPage" time="11.096"/>
  <system-out/>
  <testcase classname="project.testscenarios.TrailerScript" name="ActivateTruck" time="7.779"/>
  <system-out/>
  <testcase classname="project.testscenarios.TrailerScript" name="VerifyActivateTruck" time="19.231"/>
  <system-out/>
</testsuite> <!-- project.testscenarios.TrailerScript -->
