<?xml version="1.0" encoding="UTF-8"?>
<!-- Generated by org.testng.reporters.JUnitReportReporter -->
<testsuite hostname="ANagarkar-LAP-0785" failures="0" tests="4" name="project.testscenarios.TruckScript" time="44.802" errors="0" timestamp="2023-01-04T14:30:55 IST" skipped="0">
  <testcase classname="project.testscenarios.TruckScript" name="NavigatingTrucksPage" time="3.170"/>
  <system-out/>
  <testcase classname="project.testscenarios.TruckScript" name="NewTruck" time="35.366"/>
  <system-out/>
  <testcase classname="project.testscenarios.TruckScript" name="Search" time="2.449"/>
  <system-out/>
  <testcase classname="project.testscenarios.TruckScript" name="VehicleDetailsFunctionality" time="3.817"/>
  <system-out/>
</testsuite> <!-- project.testscenarios.TruckScript -->
