<?xml version="1.0" encoding="UTF-8"?>
<!-- Generated by org.testng.reporters.JUnitReportReporter -->
<testsuite hostname="ANagarkar-LAP-0785" failures="0" tests="4" name="project.testscenarios.TripHistoryReportScript" time="51.344" errors="0" timestamp="2023-01-03T13:15:20 IST" skipped="0">
  <testcase classname="project.testscenarios.TripHistoryReportScript" name="NavigatingTripHistoryPage" time="7.429"/>
  <system-out/>
  <testcase classname="project.testscenarios.TripHistoryReportScript" name="SearchandVerification" time="5.198"/>
  <system-out/>
  <testcase classname="project.testscenarios.TripHistoryReportScript" name="FilterandVerification" time="20.486"/>
  <system-out/>
  <testcase classname="project.testscenarios.TripHistoryReportScript" name="DownloadFunctionality" time="18.231"/>
  <system-out/>
</testsuite> <!-- project.testscenarios.TripHistoryReportScript -->
