<?xml version="1.0" encoding="UTF-8"?>
<!-- Generated by org.testng.reporters.JUnitReportReporter -->
<testsuite hostname="11167-lap-0785" failures="0" tests="4" name="project.testscenarios.UtilizationReportScript" time="75.240" errors="0" timestamp="2023-01-11T14:30:46 IST" skipped="0">
  <testcase classname="project.testscenarios.UtilizationReportScript" name="NavigatingUtilizationReportPage" time="13.493"/>
  <system-out/>
  <testcase classname="project.testscenarios.UtilizationReportScript" name="SearchandVerification" time="26.322"/>
  <system-out/>
  <testcase classname="project.testscenarios.UtilizationReportScript" name="FilterandVerification" time="27.705"/>
  <system-out/>
  <testcase classname="project.testscenarios.UtilizationReportScript" name="DownloadFunctionality" time="7.720"/>
  <system-out/>
</testsuite> <!-- project.testscenarios.UtilizationReportScript -->
