<?xml version="1.0" encoding="UTF-8"?>
<!-- Generated by org.testng.reporters.JUnitReportReporter -->
<testsuite hostname="11167-lap-0785" failures="0" tests="4" name="project.testscenarios.TemperatureHumidityScript" time="38.759" errors="0" timestamp="2023-01-11T14:30:46 IST" skipped="0">
  <testcase classname="project.testscenarios.TemperatureHumidityScript" name="NavigatingTemperatureandHumidityReportPage" time="13.486"/>
  <system-out/>
  <testcase classname="project.testscenarios.TemperatureHumidityScript" name="SearchandVerification" time="6.350"/>
  <system-out/>
  <testcase classname="project.testscenarios.TemperatureHumidityScript" name="DownloadFunctionality" time="8.299"/>
  <system-out/>
  <testcase classname="project.testscenarios.TemperatureHumidityScript" name="FilterandVerification" time="10.624"/>
  <system-out/>
</testsuite> <!-- project.testscenarios.TemperatureHumidityScript -->
