<?xml version="1.0" encoding="UTF-8"?>
<!-- Generated by org.testng.reporters.JUnitReportReporter -->
<testsuite hostname="11167-lap-0785" failures="0" tests="3" name="project.testscenarios.TrackingLinksScript" time="4.635" errors="0" timestamp="2023-01-11T14:30:46 IST" skipped="0">
  <testcase classname="project.testscenarios.TrackingLinksScript" name="NavigatingTrackingLinksPage" time="2.221"/>
  <system-out/>
  <testcase classname="project.testscenarios.TrackingLinksScript" name="SearchTrackingLinks" time="2.202"/>
  <system-out/>
  <testcase classname="project.testscenarios.TrackingLinksScript" name="RecordsOnTrackingLinks" time="0.212"/>
  <system-out/>
</testsuite> <!-- project.testscenarios.TrackingLinksScript -->
