<?xml version="1.0" encoding="UTF-8"?>
<!-- Generated by org.testng.reporters.JUnitReportReporter -->
<testsuite hostname="ANagarkar-LAP-0785" failures="0" tests="4" name="project.testscenarios.IFTAReportScript" time="38.380" errors="0" timestamp="2023-01-03T13:15:20 IST" skipped="0">
  <testcase classname="project.testscenarios.IFTAReportScript" name="NavigatingIFTAReportPage" time="5.779"/>
  <system-out/>
  <testcase classname="project.testscenarios.IFTAReportScript" name="SearchOnIFTAReport" time="19.141"/>
  <system-out/>
  <testcase classname="project.testscenarios.IFTAReportScript" name="ActiveandDeletedTrucksData" time="8.591"/>
  <system-out/>
  <testcase classname="project.testscenarios.IFTAReportScript" name="DownloadReport" time="4.869"/>
  <system-out/>
</testsuite> <!-- project.testscenarios.IFTAReportScript -->
