<?xml version="1.0" encoding="UTF-8"?>
<!-- Generated by org.testng.reporters.JUnitReportReporter -->
<testsuite hostname="ANagarkar-LAP-0785" failures="0" tests="7" name="project.testscenarios.BillingDetailsScript" time="101.232" errors="0" timestamp="2022-12-08T14:51:58 IST" skipped="0">
  <testcase classname="project.testscenarios.BillingDetailsScript" name="NavigatingBillingDetailsPage" time="20.528"/>
  <system-out/>
  <testcase classname="project.testscenarios.BillingDetailsScript" name="UpgradeFunctionality" time="19.905"/>
  <system-out/>
  <testcase classname="project.testscenarios.BillingDetailsScript" name="AddMoreDeviceFunctionality" time="6.829"/>
  <system-out/>
  <testcase classname="project.testscenarios.BillingDetailsScript" name="BuyAccessoriesFunctionality" time="5.289"/>
  <system-out/>
  <testcase classname="project.testscenarios.BillingDetailsScript" name="NoOverduesFunctionality" time="21.218"/>
  <system-out/>
  <testcase classname="project.testscenarios.BillingDetailsScript" name="NextBillingFunctionality" time="21.239"/>
  <system-out/>
  <testcase classname="project.testscenarios.BillingDetailsScript" name="HistoryFunctionality" time="6.224"/>
  <system-out/>
</testsuite> <!-- project.testscenarios.BillingDetailsScript -->
