<?xml version="1.0" encoding="UTF-8"?>
<!-- Generated by org.testng.reporters.JUnitReportReporter -->
<testsuite hostname="ANagarkar-LAP-0785" failures="0" tests="3" name="project.testscenarios.TrackingLinksScript" time="7.642" errors="0" timestamp="2022-11-11T11:47:12 IST" skipped="0">
  <testcase classname="project.testscenarios.TrackingLinksScript" name="NavigatingTrackingLinksPage" time="2.211"/>
  <system-out/>
  <testcase classname="project.testscenarios.TrackingLinksScript" name="SearchTrackingLinks" time="5.255"/>
  <system-out/>
  <testcase classname="project.testscenarios.TrackingLinksScript" name="RecordsOnTrackingLinks" time="0.176"/>
  <system-out/>
</testsuite> <!-- project.testscenarios.TrackingLinksScript -->
