<?xml version="1.0" encoding="UTF-8"?>
<!-- Generated by org.testng.reporters.JUnitReportReporter -->
<testsuite hostname="11167-lap-0785" failures="0" tests="4" name="project.testscenarios.TripHistoryReportScript" time="74.215" errors="0" timestamp="2023-01-11T14:30:46 IST" skipped="0">
  <testcase classname="project.testscenarios.TripHistoryReportScript" name="NavigatingTripHistoryPage" time="12.496"/>
  <system-out/>
  <testcase classname="project.testscenarios.TripHistoryReportScript" name="SearchandVerification" time="6.334"/>
  <system-out/>
  <testcase classname="project.testscenarios.TripHistoryReportScript" name="FilterandVerification" time="10.007"/>
  <system-out/>
  <testcase classname="project.testscenarios.TripHistoryReportScript" name="DownloadFunctionality" time="45.378"/>
  <system-out/>
</testsuite> <!-- project.testscenarios.TripHistoryReportScript -->
