<?xml version="1.0" encoding="UTF-8"?>
<!-- Generated by org.testng.reporters.JUnitReportReporter -->
<testsuite hostname="ANagarkar-LAP-0785" failures="0" tests="3" name="project.testscenarios.AssetsScript" time="57.880" errors="0" timestamp="2023-01-04T15:47:46 IST" skipped="0">
  <testcase classname="project.testscenarios.AssetsScript" name="NavigatingAssetPage" time="2.178"/>
  <system-out/>
  <testcase classname="project.testscenarios.AssetsScript" name="ListViewOfAssets" time="37.439"/>
  <system-out/>
  <testcase classname="project.testscenarios.AssetsScript" name="SearchAssets" time="18.263"/>
  <system-out/>
</testsuite> <!-- project.testscenarios.AssetsScript -->
