<?xml version="1.0" encoding="UTF-8"?>
<!-- Generated by org.testng.reporters.JUnitReportReporter -->
<testsuite hostname="11167-lap-0785" failures="0" tests="3" name="project.testscenarios.IdleTimeScript" time="63.221" errors="0" timestamp="2023-01-11T14:30:46 IST" skipped="0">
  <testcase classname="project.testscenarios.IdleTimeScript" name="NavigatingIdleTimeReport" time="12.309"/>
  <system-out/>
  <testcase classname="project.testscenarios.IdleTimeScript" name="SearchandVerification" time="25.418"/>
  <system-out/>
  <testcase classname="project.testscenarios.IdleTimeScript" name="FilterandVerification" time="25.494"/>
  <system-out/>
</testsuite> <!-- project.testscenarios.IdleTimeScript -->
