<?xml version="1.0" encoding="UTF-8"?>
<!-- Generated by org.testng.reporters.JUnitReportReporter -->
<testsuite hostname="ANagarkar-LAP-0785" failures="0" tests="16" name="project.testscenarios.TrailerScript" time="206.494" errors="0" timestamp="2022-10-14T14:27:47 IST" skipped="0">
  <testcase classname="project.testscenarios.TrailerScript" name="NavigatingTrailerPage" time="8.230"/>
  <system-out/>
  <testcase classname="project.testscenarios.TrailerScript" name="CreatingNewTrailer" time="7.910"/>
  <system-out/>
  <testcase classname="project.testscenarios.TrailerScript" name="VerifyNewlyAddedTrailer" time="9.019"/>
  <system-out/>
  <testcase classname="project.testscenarios.TrailerScript" name="AssignTrailerToTruck" time="21.686"/>
  <system-out/>
  <testcase classname="project.testscenarios.TrailerScript" name="VerifyAssignedTrailerToTruck" time="5.416"/>
  <system-out/>
  <testcase classname="project.testscenarios.TrailerScript" name="UnAssignTrailerFromTruck" time="3.761"/>
  <system-out/>
  <testcase classname="project.testscenarios.TrailerScript" name="VerifyUnAssignedTrailerToTruck" time="5.222"/>
  <system-out/>
  <testcase classname="project.testscenarios.TrailerScript" name="EditTrailer" time="13.732"/>
  <system-out/>
  <testcase classname="project.testscenarios.TrailerScript" name="DeleteTrailer" time="30.891"/>
  <system-out/>
  <testcase classname="project.testscenarios.TrailerScript" name="NavigatingDeletedTrailerPage" time="7.308"/>
  <system-out/>
  <testcase classname="project.testscenarios.TrailerScript" name="ActivateTrailer" time="9.543"/>
  <system-out/>
  <testcase classname="project.testscenarios.TrailerScript" name="VerifyActivateTrailer" time="18.715"/>
  <system-out/>
  <testcase classname="project.testscenarios.TrailerScript" name="DeleteTruck" time="33.562"/>
  <system-out/>
  <testcase classname="project.testscenarios.TrailerScript" name="NavigatingDeletedTruckPage" time="7.489"/>
  <system-out/>
  <testcase classname="project.testscenarios.TrailerScript" name="ActivateTruck" time="6.024"/>
  <system-out/>
  <testcase classname="project.testscenarios.TrailerScript" name="VerifyActivateTruck" time="17.986"/>
  <system-out/>
</testsuite> <!-- project.testscenarios.TrailerScript -->
