<?xml version="1.0" encoding="UTF-8"?>
<!-- Generated by org.testng.reporters.JUnitReportReporter -->
<testsuite hostname="ANagarkar-LAP-0785" failures="0" tests="12" name="project.testscenarios.TrailerScript" time="159.133" errors="0" timestamp="2022-10-06T11:30:33 IST" skipped="0">
  <testcase classname="project.testscenarios.TrailerScript" name="navigatingTrailerPage" time="5.548"/>
  <system-out/>
  <testcase classname="project.testscenarios.TrailerScript" name="CreatingNewTrailer" time="7.243"/>
  <system-out/>
  <testcase classname="project.testscenarios.TrailerScript" name="VerifyNewlyAddedTrailer" time="6.400"/>
  <system-out/>
  <testcase classname="project.testscenarios.TrailerScript" name="EditTrailer" time="6.737"/>
  <system-out/>
  <testcase classname="project.testscenarios.TrailerScript" name="DeleteTrailer" time="47.290"/>
  <system-out/>
  <testcase classname="project.testscenarios.TrailerScript" name="navigatingDeletedTrailerPage" time="5.196"/>
  <system-out/>
  <testcase classname="project.testscenarios.TrailerScript" name="ActivateTrailer" time="5.484"/>
  <system-out/>
  <testcase classname="project.testscenarios.TrailerScript" name="verifyActivateTrailer" time="10.746"/>
  <system-out/>
  <testcase classname="project.testscenarios.TrailerScript" name="DeleteTruck" time="39.563"/>
  <system-out/>
  <testcase classname="project.testscenarios.TrailerScript" name="navigatingDeletedTruckPage" time="5.226"/>
  <system-out/>
  <testcase classname="project.testscenarios.TrailerScript" name="ActivateTruck" time="5.467"/>
  <system-out/>
  <testcase classname="project.testscenarios.TrailerScript" name="verifyActivateTruck" time="14.233"/>
  <system-out/>
</testsuite> <!-- project.testscenarios.TrailerScript -->
