<?xml version="1.0" encoding="UTF-8"?>
<!-- Generated by org.testng.reporters.JUnitReportReporter -->
<testsuite hostname="ANagarkar-LAP-0785" failures="0" tests="16" name="project.testscenarios.TrailerScript" time="337.294" errors="0" timestamp="2022-11-30T11:50:47 IST" skipped="0">
  <testcase classname="project.testscenarios.TrailerScript" name="NavigatingTrailerPage" time="7.613"/>
  <system-out/>
  <testcase classname="project.testscenarios.TrailerScript" name="CreatingNewTrailer" time="9.310"/>
  <system-out/>
  <testcase classname="project.testscenarios.TrailerScript" name="VerifyNewlyAddedTrailer" time="12.528"/>
  <system-out/>
  <testcase classname="project.testscenarios.TrailerScript" name="AssignTrailerToTruck" time="37.018"/>
  <system-out/>
  <testcase classname="project.testscenarios.TrailerScript" name="VerifyAssignedTrailerToTruck" time="5.290"/>
  <system-out/>
  <testcase classname="project.testscenarios.TrailerScript" name="UnAssignTrailerFromTruck" time="22.617"/>
  <system-out/>
  <testcase classname="project.testscenarios.TrailerScript" name="VerifyUnAssignedTrailerToTruck" time="5.217"/>
  <system-out/>
  <testcase classname="project.testscenarios.TrailerScript" name="EditTrailer" time="27.081"/>
  <system-out/>
  <testcase classname="project.testscenarios.TrailerScript" name="DeleteTrailer" time="76.565"/>
  <system-out/>
  <testcase classname="project.testscenarios.TrailerScript" name="NavigatingDeletedTrailerPage" time="12.446"/>
  <system-out/>
  <testcase classname="project.testscenarios.TrailerScript" name="ActivateTrailer" time="13.522"/>
  <system-out/>
  <testcase classname="project.testscenarios.TrailerScript" name="VerifyActivateTrailer" time="15.482"/>
  <system-out/>
  <testcase classname="project.testscenarios.TrailerScript" name="DeleteTruck" time="52.907"/>
  <system-out/>
  <testcase classname="project.testscenarios.TrailerScript" name="NavigatingDeletedTruckPage" time="12.233"/>
  <system-out/>
  <testcase classname="project.testscenarios.TrailerScript" name="ActivateTruck" time="8.529"/>
  <system-out/>
  <testcase classname="project.testscenarios.TrailerScript" name="VerifyActivateTruck" time="18.936"/>
  <system-out/>
</testsuite> <!-- project.testscenarios.TrailerScript -->
