<?xml version="1.0" encoding="UTF-8"?>
<!-- Generated by org.testng.reporters.JUnitReportReporter -->
<testsuite hostname="11167-lap-0785" failures="0" tests="1" name="project.MobileTestScenarios.MobileScript" time="34.005" errors="0" timestamp="2023-02-17T13:18:11 IST" skipped="0">
  <testcase classname="project.MobileTestScenarios.MobileScript" name="Login" time="34.005"/>
  <system-out/>
</testsuite> <!-- project.MobileTestScenarios.MobileScript -->
