<?xml version="1.0" encoding="UTF-8"?>
<!-- Generated by org.testng.reporters.JUnitReportReporter -->
<testsuite hostname="ANagarkar-LAP-0785" failures="0" tests="2" name="project.testscenarios.IFTAReportScript" time="410.817" errors="0" timestamp="2022-12-01T11:23:11 IST" skipped="0">
  <testcase classname="project.testscenarios.IFTAReportScript" name="NavigatingIFTAReportPage" time="2.184"/>
  <system-out/>
  <testcase classname="project.testscenarios.IFTAReportScript" name="SearchOnIFTAReport" time="408.633"/>
  <system-out/>
</testsuite> <!-- project.testscenarios.IFTAReportScript -->
