<?xml version="1.0" encoding="UTF-8"?>
<!-- Generated by org.testng.reporters.JUnitReportReporter -->
<testsuite hostname="Rupali-PC" failures="0" tests="1" name="project.testscenarios.LoginScript" time="0.012" errors="0" timestamp="2022-11-16T16:18:27 IST" skipped="0">
  <testcase classname="project.testscenarios.LoginScript" name="ConfigurationSetup" time="0.012"/>
  <system-out/>
</testsuite> <!-- project.testscenarios.LoginScript -->
