<?xml version="1.0" encoding="UTF-8"?>
<!-- Generated by org.testng.reporters.JUnitReportReporter -->
<testsuite hostname="11167-lap-0785" failures="0" tests="11" name="project.testscenarios.TrailerScript" time="313.081" errors="0" timestamp="2023-01-11T14:30:46 IST" skipped="0">
  <testcase classname="project.testscenarios.TrailerScript" name="NavigatingTrailerPage" time="2.553"/>
  <system-out/>
  <testcase classname="project.testscenarios.TrailerScript" name="NewTrailer" time="19.238"/>
  <system-out/>
  <testcase classname="project.testscenarios.TrailerScript" name="AssignTrailer" time="23.482"/>
  <system-out/>
  <testcase classname="project.testscenarios.TrailerScript" name="UnAssignTrailer" time="24.049"/>
  <system-out/>
  <testcase classname="project.testscenarios.TrailerScript" name="EditTrailer" time="22.917"/>
  <system-out/>
  <testcase classname="project.testscenarios.TrailerScript" name="DeleteTrailer" time="62.872"/>
  <system-out/>
  <testcase classname="project.testscenarios.TrailerScript" name="NavigatingDeletedTrailerPage" time="13.088"/>
  <system-out/>
  <testcase classname="project.testscenarios.TrailerScript" name="ActivateTrailer" time="64.403"/>
  <system-out/>
  <testcase classname="project.testscenarios.TrailerScript" name="DeleteTruck" time="49.171"/>
  <system-out/>
  <testcase classname="project.testscenarios.TrailerScript" name="NavigatingDeletedTruckPage" time="11.943"/>
  <system-out/>
  <testcase classname="project.testscenarios.TrailerScript" name="ActivateTruck" time="19.365"/>
  <system-out/>
</testsuite> <!-- project.testscenarios.TrailerScript -->
