<?xml version="1.0" encoding="UTF-8"?>
<!-- Generated by org.testng.reporters.JUnitReportReporter -->
<testsuite hostname="ANagarkar-LAP-0785" failures="0" tests="1" name="project.testscenarios.LoginScript" time="5.127" errors="0" timestamp="2023-01-04T15:47:46 IST" skipped="0">
  <testcase classname="project.testscenarios.LoginScript" name="validUserNameandPassword" time="5.127"/>
  <system-out/>
</testsuite> <!-- project.testscenarios.LoginScript -->
