<?xml version="1.0" encoding="UTF-8"?>
<!-- Generated by org.testng.reporters.JUnitReportReporter -->
<testsuite hostname="ANagarkar-LAP-0785" failures="0" tests="3" name="project.testscenarios.DriverSafetyScript" time="21.137" errors="0" timestamp="2023-01-03T13:15:20 IST" skipped="0">
  <testcase classname="project.testscenarios.DriverSafetyScript" name="NavigatingDriverSafetyPage" time="7.376"/>
  <system-out/>
  <testcase classname="project.testscenarios.DriverSafetyScript" name="SearchandVerification" time="5.324"/>
  <system-out/>
  <testcase classname="project.testscenarios.DriverSafetyScript" name="FilterandVerification" time="8.437"/>
  <system-out/>
</testsuite> <!-- project.testscenarios.DriverSafetyScript -->
