<?xml version="1.0" encoding="UTF-8"?>
<!-- Generated by org.testng.reporters.JUnitReportReporter -->
<testsuite hostname="ANagarkar-LAP-0785" failures="0" tests="2" name="project.testscenarios.FeatureScript" time="0.000" errors="0" timestamp="2023-01-03T14:06:33 IST" skipped="2">
  <testcase classname="project.testscenarios.FeatureScript" name="NavigatingFeaturePage" time="0.000">
    <skipped/>
  </testcase> <!-- NavigatingFeaturePage -->
  <system-out/>
  <testcase classname="project.testscenarios.FeatureScript" name="FeaturePageVerification" time="0.000">
    <skipped/>
  </testcase> <!-- FeaturePageVerification -->
  <system-out/>
</testsuite> <!-- project.testscenarios.FeatureScript -->
