<?xml version="1.0" encoding="UTF-8"?>
<!-- Generated by org.testng.reporters.JUnitReportReporter -->
<testsuite hostname="11167-lap-0785" failures="0" tests="1" name="project.testscenarios.LoginScript" time="65.832" errors="0" timestamp="2023-01-17T13:54:42 IST" skipped="0">
  <testcase classname="project.testscenarios.LoginScript" name="validUserNameandPassword" time="65.832"/>
  <system-out/>
</testsuite> <!-- project.testscenarios.LoginScript -->
