<?xml version="1.0" encoding="UTF-8"?>
<!-- Generated by org.testng.reporters.JUnitReportReporter -->
<testsuite hostname="ANagarkar-LAP-0785" failures="0" tests="3" name="project.testscenarios.MessageScript" time="141.043" errors="0" timestamp="2022-12-08T11:11:04 IST" skipped="0">
  <testcase classname="project.testscenarios.MessageScript" name="NavigatingMessagePage" time="2.294"/>
  <system-out/>
  <testcase classname="project.testscenarios.MessageScript" name="SearchandVerification" time="13.771"/>
  <system-out/>
  <testcase classname="project.testscenarios.MessageScript" name="FilterandVerification" time="124.978"/>
  <system-out/>
</testsuite> <!-- project.testscenarios.MessageScript -->
