<?xml version="1.0" encoding="UTF-8"?>
<!-- Generated by org.testng.reporters.JUnitReportReporter -->
<testsuite hostname="ANagarkar-LAP-0785" failures="0" tests="3" name="project.testscenarios.DriverSafetyScript" time="22.668" errors="0" timestamp="2022-11-30T11:50:47 IST" skipped="0">
  <testcase classname="project.testscenarios.DriverSafetyScript" name="NavigatingDriverSafetyPage" time="10.492"/>
  <system-out/>
  <testcase classname="project.testscenarios.DriverSafetyScript" name="SearchandVerification" time="5.158"/>
  <system-out/>
  <testcase classname="project.testscenarios.DriverSafetyScript" name="FilterandVerification" time="7.018"/>
  <system-out/>
</testsuite> <!-- project.testscenarios.DriverSafetyScript -->
