<?xml version="1.0" encoding="UTF-8"?>
<!-- Generated by org.testng.reporters.JUnitReportReporter -->
<testsuite hostname="ANagarkar-LAP-0785" failures="0" tests="2" name="project.testscenarios.ELDDevicesScript" time="708.720" errors="0" timestamp="2022-11-11T11:47:12 IST" skipped="0">
  <testcase classname="project.testscenarios.ELDDevicesScript" name="NavigatingELDDevicesPage" time="27.353"/>
  <system-out/>
  <testcase classname="project.testscenarios.ELDDevicesScript" name="ELDCountandRecord" time="681.367"/>
  <system-out/>
</testsuite> <!-- project.testscenarios.ELDDevicesScript -->
