<?xml version="1.0" encoding="UTF-8"?>
<!-- Generated by org.testng.reporters.JUnitReportReporter -->
<testsuite hostname="ANagarkar-LAP-0785" failures="0" tests="4" name="project.testscenarios.DashCameraScript" time="65.132" errors="0" timestamp="2022-11-11T11:47:12 IST" skipped="0">
  <testcase classname="project.testscenarios.DashCameraScript" name="NavigatingDashCamerasPage" time="36.820"/>
  <system-out/>
  <testcase classname="project.testscenarios.DashCameraScript" name="DashCameraCount" time="3.135"/>
  <system-out/>
  <testcase classname="project.testscenarios.DashCameraScript" name="SearchDashCamera" time="3.348"/>
  <system-out/>
  <testcase classname="project.testscenarios.DashCameraScript" name="DashCameraData" time="21.829"/>
  <system-out/>
</testsuite> <!-- project.testscenarios.DashCameraScript -->
