<?xml version="1.0" encoding="UTF-8"?>
<!-- Generated by org.testng.reporters.JUnitReportReporter -->
<testsuite hostname="ANagarkar-LAP-0785" failures="0" tests="3" name="project.testscenarios.DutyStatusSummaryScript" time="36.300" errors="0" timestamp="2022-12-07T12:43:40 IST" skipped="0">
  <testcase classname="project.testscenarios.DutyStatusSummaryScript" name="NavigatingDutyStatusSummaryReport" time="10.496"/>
  <system-out/>
  <testcase classname="project.testscenarios.DutyStatusSummaryScript" name="SearchandVerification" time="20.348"/>
  <system-out/>
  <testcase classname="project.testscenarios.DutyStatusSummaryScript" name="FilterandVerification" time="5.456"/>
  <system-out/>
</testsuite> <!-- project.testscenarios.DutyStatusSummaryScript -->
