<?xml version="1.0" encoding="UTF-8"?>
<!-- Generated by org.testng.reporters.JUnitReportReporter -->
<testsuite hostname="ANagarkar-LAP-0785" failures="0" tests="4" name="project.testscenarios.UtilizationReportScript" time="91.139" errors="0" timestamp="2023-01-03T13:15:20 IST" skipped="0">
  <testcase classname="project.testscenarios.UtilizationReportScript" name="NavigatingUtilizationReportPage" time="7.335"/>
  <system-out/>
  <testcase classname="project.testscenarios.UtilizationReportScript" name="SearchandVerification" time="42.281"/>
  <system-out/>
  <testcase classname="project.testscenarios.UtilizationReportScript" name="FilterandVerification" time="33.848"/>
  <system-out/>
  <testcase classname="project.testscenarios.UtilizationReportScript" name="DownloadFunctionality" time="7.675"/>
  <system-out/>
</testsuite> <!-- project.testscenarios.UtilizationReportScript -->
