<?xml version="1.0" encoding="UTF-8"?>
<!-- Generated by org.testng.reporters.JUnitReportReporter -->
<testsuite hostname="ANagarkar-LAP-0785" failures="0" tests="4" name="project.testscenarios.DeletedDriverScript" time="36.302" errors="0" timestamp="2022-11-11T11:55:10 IST" skipped="0">
  <testcase classname="project.testscenarios.DeletedDriverScript" name="NavigatingDriversPage" time="2.208"/>
  <system-out/>
  <testcase classname="project.testscenarios.DeletedDriverScript" name="SearchDriverFunctionality" time="8.231"/>
  <system-out/>
  <testcase classname="project.testscenarios.DeletedDriverScript" name="DeletedDriversDetails" time="10.063"/>
  <system-out/>
  <testcase classname="project.testscenarios.DeletedDriverScript" name="DeletedDriverLogBookFunctionality" time="15.800"/>
  <system-out/>
</testsuite> <!-- project.testscenarios.DeletedDriverScript -->
