<?xml version="1.0" encoding="UTF-8"?>
<!-- Generated by org.testng.reporters.JUnitReportReporter -->
<testsuite hostname="ANagarkar-LAP-0785" failures="0" tests="3" name="project.testscenarios.APIKeyTransferScript" time="30.157" errors="0" timestamp="2022-12-01T16:57:30 IST" skipped="0">
  <testcase classname="project.testscenarios.APIKeyTransferScript" name="NavigatingAssetPage" time="2.215"/>
  <system-out/>
  <testcase classname="project.testscenarios.APIKeyTransferScript" name="APITransferActiveandExpiredCountPage" time="9.076"/>
  <system-out/>
  <testcase classname="project.testscenarios.APIKeyTransferScript" name="ShareAPIKeyTransferFunctionality" time="18.866"/>
  <system-out/>
</testsuite> <!-- project.testscenarios.APIKeyTransferScript -->
