<?xml version="1.0" encoding="UTF-8"?>
<!-- Generated by org.testng.reporters.JUnitReportReporter -->
<testsuite hostname="ANagarkar-LAP-0785" failures="0" tests="3" name="project.testscenarios.APIKeyTransferScript" time="0.000" errors="0" timestamp="2023-01-03T14:06:33 IST" skipped="3">
  <testcase classname="project.testscenarios.APIKeyTransferScript" name="NavigatingAssetPage" time="0.000">
    <skipped/>
  </testcase> <!-- NavigatingAssetPage -->
  <system-out/>
  <testcase classname="project.testscenarios.APIKeyTransferScript" name="ActiveandExpiredCountPage" time="0.000">
    <skipped/>
  </testcase> <!-- ActiveandExpiredCountPage -->
  <system-out/>
  <testcase classname="project.testscenarios.APIKeyTransferScript" name="ShareAPIKeyFunctionality" time="0.000">
    <skipped/>
  </testcase> <!-- ShareAPIKeyFunctionality -->
  <system-out/>
</testsuite> <!-- project.testscenarios.APIKeyTransferScript -->
