<?xml version="1.0" encoding="UTF-8"?>
<!-- Generated by org.testng.reporters.JUnitReportReporter -->
<testsuite hostname="ANagarkar-LAP-0785" failures="0" tests="4" name="project.testscenarios.AssetsScript" time="83.042" errors="0" timestamp="2022-11-11T11:55:10 IST" skipped="0">
  <testcase classname="project.testscenarios.AssetsScript" name="NavigatingAssetPage" time="2.238"/>
  <system-out/>
  <testcase classname="project.testscenarios.AssetsScript" name="ListViewOfAssets" time="38.677"/>
  <system-out/>
  <testcase classname="project.testscenarios.AssetsScript" name="SearchAssetsOnAssets" time="8.169"/>
  <system-out/>
  <testcase classname="project.testscenarios.AssetsScript" name="AssetsAsPerSearch" time="33.958"/>
  <system-out/>
</testsuite> <!-- project.testscenarios.AssetsScript -->
