<?xml version="1.0" encoding="UTF-8"?>
<!-- Generated by org.testng.reporters.JUnitReportReporter -->
<testsuite hostname="ANagarkar-LAP-0785" failures="0" tests="1" name="TestScenarios.Workflow1" time="2.431" errors="0" timestamp="2022-08-08T14:58:16 IST" skipped="0">
  <testcase classname="TestScenarios.Workflow1" name="TestCase1" time="2.431"/>
  <system-out/>
</testsuite> <!-- TestScenarios.Workflow1 -->
