<?xml version="1.0" encoding="UTF-8"?>
<!-- Generated by org.testng.reporters.JUnitReportReporter -->
<testsuite hostname="ANagarkar-LAP-0785" failures="0" tests="2" name="project.testscenarios.ReportsScript" time="98.531" errors="0" timestamp="2022-11-30T11:50:47 IST" skipped="0">
  <testcase classname="project.testscenarios.ReportsScript" name="Navigation" time="93.363"/>
  <system-out/>
  <testcase classname="project.testscenarios.ReportsScript" name="SearchandVerification" time="5.168"/>
  <system-out/>
</testsuite> <!-- project.testscenarios.ReportsScript -->
