<?xml version="1.0" encoding="UTF-8"?>
<!-- Generated by org.testng.reporters.JUnitReportReporter -->
<testsuite hostname="ANagarkar-LAP-0785" failures="0" tests="5" name="project.testscenarios.TruckScript" time="72.478" errors="0" timestamp="2022-10-06T11:30:33 IST" skipped="0">
  <testcase classname="project.testscenarios.TruckScript" name="navigatingTrucksPage" time="7.214"/>
  <system-out/>
  <testcase classname="project.testscenarios.TruckScript" name="CreatingNewTruck" time="49.350"/>
  <system-out/>
  <testcase classname="project.testscenarios.TruckScript" name="SearchTruckOnDashboard" time="5.461"/>
  <system-out/>
  <testcase classname="project.testscenarios.TruckScript" name="VerifyTruckOnDashboard" time="5.128"/>
  <system-out/>
  <testcase classname="project.testscenarios.TruckScript" name="VerifyTruckOnVehicleDetails" time="5.325"/>
  <system-out/>
</testsuite> <!-- project.testscenarios.TruckScript -->
