<?xml version="1.0" encoding="UTF-8"?>
<!-- Generated by org.testng.reporters.JUnitReportReporter -->
<testsuite hostname="ANagarkar-LAP-0785" failures="0" tests="2" name="project.testscenarios.FeatureScript" time="2.270" errors="0" timestamp="2022-11-30T11:50:47 IST" skipped="0">
  <testcase classname="project.testscenarios.FeatureScript" name="FeaturePageVerification" time="0.061"/>
  <system-out/>
  <testcase classname="project.testscenarios.FeatureScript" name="NavigatingFeaturePage" time="2.209"/>
  <system-out/>
</testsuite> <!-- project.testscenarios.FeatureScript -->
