<?xml version="1.0" encoding="UTF-8"?>
<!-- Generated by org.testng.reporters.JUnitReportReporter -->
<testsuite hostname="11167-lap-0785" failures="0" tests="2" name="project.testscenarios.FeatureScript" time="9.701" errors="0" timestamp="2023-01-11T14:30:46 IST" skipped="0">
  <testcase classname="project.testscenarios.FeatureScript" name="NavigatingFeaturePage" time="6.562"/>
  <system-out/>
  <testcase classname="project.testscenarios.FeatureScript" name="FeaturePageVerification" time="3.139"/>
  <system-out/>
</testsuite> <!-- project.testscenarios.FeatureScript -->
