<?xml version="1.0" encoding="UTF-8"?>
<!-- Generated by org.testng.reporters.JUnitReportReporter -->
<testsuite hostname="ANagarkar-LAP-0785" failures="0" tests="4" name="project.testscenarios.DeletedDriverScript" time="165.752" errors="0" timestamp="2023-01-03T13:15:20 IST" skipped="0">
  <testcase classname="project.testscenarios.DeletedDriverScript" name="NavigatingDriversPage" time="3.263"/>
  <system-out/>
  <testcase classname="project.testscenarios.DeletedDriverScript" name="SearchDriver" time="9.221"/>
  <system-out/>
  <testcase classname="project.testscenarios.DeletedDriverScript" name="DeletedDriversDetails" time="137.378"/>
  <system-out/>
  <testcase classname="project.testscenarios.DeletedDriverScript" name="DeletedDriverLogBookFunctionality" time="15.890"/>
  <system-out/>
</testsuite> <!-- project.testscenarios.DeletedDriverScript -->
