<?xml version="1.0" encoding="UTF-8"?>
<!-- Generated by org.testng.reporters.JUnitReportReporter -->
<testsuite hostname="ANagarkar-LAP-0785" failures="0" tests="2" name="project.testscenarios.ELDDevicesScript" time="39.100" errors="0" timestamp="2022-11-30T12:07:32 IST" skipped="0">
  <testcase classname="project.testscenarios.ELDDevicesScript" name="NavigatingELDDevicesPage" time="31.768"/>
  <system-out/>
  <testcase classname="project.testscenarios.ELDDevicesScript" name="ELDCountandRecord" time="7.332"/>
  <system-out/>
</testsuite> <!-- project.testscenarios.ELDDevicesScript -->
