<?xml version="1.0" encoding="UTF-8"?>
<!-- Generated by org.testng.reporters.JUnitReportReporter -->
<testsuite hostname="11167-lap-0785" failures="0" tests="3" name="project.testscenarios.PostTripDVIRReportScript" time="66.206" errors="0" timestamp="2023-01-11T14:30:46 IST" skipped="0">
  <testcase classname="project.testscenarios.PostTripDVIRReportScript" name="NavigatingPostTripDVIRPage" time="13.275"/>
  <system-out/>
  <testcase classname="project.testscenarios.PostTripDVIRReportScript" name="SearchandVerification" time="26.306"/>
  <system-out/>
  <testcase classname="project.testscenarios.PostTripDVIRReportScript" name="FilterandVerification" time="26.625"/>
  <system-out/>
</testsuite> <!-- project.testscenarios.PostTripDVIRReportScript -->
