<?xml version="1.0" encoding="UTF-8"?>
<!-- Generated by org.testng.reporters.JUnitReportReporter -->
<testsuite hostname="ANagarkar-LAP-0785" failures="0" tests="11" name="project.testscenarios.TrailerScript" time="220.510" errors="0" timestamp="2023-01-04T14:30:55 IST" skipped="0">
  <testcase classname="project.testscenarios.TrailerScript" name="NavigatingTrailerPage" time="2.607"/>
  <system-out/>
  <testcase classname="project.testscenarios.TrailerScript" name="NewTrailer" time="14.040"/>
  <system-out/>
  <testcase classname="project.testscenarios.TrailerScript" name="AssignTrailer" time="16.088"/>
  <system-out/>
  <testcase classname="project.testscenarios.TrailerScript" name="UnAssignTrailer" time="16.094"/>
  <system-out/>
  <testcase classname="project.testscenarios.TrailerScript" name="EditTrailer" time="11.415"/>
  <system-out/>
  <testcase classname="project.testscenarios.TrailerScript" name="DeleteTrailer" time="41.360"/>
  <system-out/>
  <testcase classname="project.testscenarios.TrailerScript" name="NavigatingDeletedTrailerPage" time="12.281"/>
  <system-out/>
  <testcase classname="project.testscenarios.TrailerScript" name="ActivateTrailer" time="15.443"/>
  <system-out/>
  <testcase classname="project.testscenarios.TrailerScript" name="DeleteTruck" time="62.141"/>
  <system-out/>
  <testcase classname="project.testscenarios.TrailerScript" name="NavigatingDeletedTruckPage" time="13.177"/>
  <system-out/>
  <testcase classname="project.testscenarios.TrailerScript" name="ActivateTruck" time="15.864"/>
  <system-out/>
</testsuite> <!-- project.testscenarios.TrailerScript -->
