<?xml version="1.0" encoding="UTF-8"?>
<!-- Generated by org.testng.reporters.JUnitReportReporter -->
<testsuite hostname="ANagarkar-LAP-0785" failures="0" tests="4" name="project.testscenarios.LoginScript" time="24.147" errors="0" timestamp="2022-09-23T16:24:01 IST" skipped="0">
  <testcase classname="project.testscenarios.LoginScript" name="ConfigurationSetup" time="0.017"/>
  <system-out/>
  <testcase classname="project.testscenarios.LoginScript" name="blankUserNameandPassword" time="7.314"/>
  <system-out/>
  <testcase classname="project.testscenarios.LoginScript" name="inValidUserNameandPassword" time="6.868"/>
  <system-out/>
  <testcase classname="project.testscenarios.LoginScript" name="validUserNameandPassword" time="9.948"/>
  <system-out/>
</testsuite> <!-- project.testscenarios.LoginScript -->
