<?xml version="1.0" encoding="UTF-8"?>
<!-- Generated by org.testng.reporters.JUnitReportReporter -->
<testsuite hostname="ANagarkar-LAP-0785" failures="0" tests="2" name="project.testscenarios.LoginScript" time="13.715" errors="0" timestamp="2022-11-11T11:55:10 IST" skipped="0">
  <testcase classname="project.testscenarios.LoginScript" name="ConfigurationSetup" time="0.034"/>
  <system-out/>
  <testcase classname="project.testscenarios.LoginScript" name="validUserNameandPassword" time="13.681"/>
  <system-out/>
</testsuite> <!-- project.testscenarios.LoginScript -->
