<?xml version="1.0" encoding="UTF-8"?>
<!-- Generated by org.testng.reporters.JUnitReportReporter -->
<testsuite hostname="11167-lap-0785" failures="0" tests="5" name="project.testscenarios.TrackingDevicesScript" time="159.237" errors="0" timestamp="2023-01-11T14:30:46 IST" skipped="0">
  <testcase classname="project.testscenarios.TrackingDevicesScript" name="NavigatingDevicesPage" time="17.348"/>
  <system-out/>
  <testcase classname="project.testscenarios.TrackingDevicesScript" name="AddNewDevice" time="56.112"/>
  <system-out/>
  <testcase classname="project.testscenarios.TrackingDevicesScript" name="SearchAndFilterDevice" time="16.294"/>
  <system-out/>
  <testcase classname="project.testscenarios.TrackingDevicesScript" name="EditDevice" time="17.651"/>
  <system-out/>
  <testcase classname="project.testscenarios.TrackingDevicesScript" name="DeleteDevice" time="51.832"/>
  <system-out/>
</testsuite> <!-- project.testscenarios.TrackingDevicesScript -->
