<?xml version="1.0" encoding="UTF-8"?>
<!-- Generated by org.testng.reporters.JUnitReportReporter -->
<testsuite hostname="11167-lap-0785" failures="0" tests="1" name="project.UITestScenarios.WebLoginScript" time="13.200" errors="0" timestamp="2023-02-17T13:15:44 IST" skipped="0">
  <testcase classname="project.UITestScenarios.WebLoginScript" name="validUserNameandPassword" time="13.200"/>
  <system-out/>
</testsuite> <!-- project.UITestScenarios.WebLoginScript -->
