<?xml version="1.0" encoding="UTF-8"?>
<!-- Generated by org.testng.reporters.JUnitReportReporter -->
<testsuite hostname="ANagarkar-LAP-0785" failures="0" tests="2" name="project.testscenarios.FeatureScript" time="3.994" errors="0" timestamp="2022-11-11T11:47:12 IST" skipped="0">
  <testcase classname="project.testscenarios.FeatureScript" name="FeaturePageVerification" time="0.002"/>
  <system-out/>
  <testcase classname="project.testscenarios.FeatureScript" name="NavigatingFeaturePage" time="3.992"/>
  <system-out/>
</testsuite> <!-- project.testscenarios.FeatureScript -->
