<?xml version="1.0" encoding="UTF-8"?>
<!-- Generated by org.testng.reporters.JUnitReportReporter -->
<testsuite hostname="11167-lap-0785" failures="0" tests="1" name="project.testscenarios.LogoutScript" time="35.491" errors="0" timestamp="2023-01-11T14:30:46 IST" skipped="0">
  <testcase classname="project.testscenarios.LogoutScript" name="Logout" time="35.491"/>
  <system-out/>
</testsuite> <!-- project.testscenarios.LogoutScript -->
