<?xml version="1.0" encoding="UTF-8"?>
<!-- Generated by org.testng.reporters.JUnitReportReporter -->
<testsuite hostname="ANagarkar-LAP-0785" failures="0" tests="4" name="project.testscenarios.LoginScript" time="23.535" errors="0" timestamp="2022-09-15T20:51:25 IST" skipped="0">
  <testcase classname="project.testscenarios.LoginScript" name="ConfigurationSetup" time="0.014"/>
  <system-out/>
  <testcase classname="project.testscenarios.LoginScript" name="blankUserNameandPassword" time="7.358"/>
  <system-out/>
  <testcase classname="project.testscenarios.LoginScript" name="inValidUserNameandPassword" time="6.799"/>
  <system-out/>
  <testcase classname="project.testscenarios.LoginScript" name="validUserNameandPassword" time="9.364"/>
  <system-out/>
</testsuite> <!-- project.testscenarios.LoginScript -->
