<?xml version="1.0" encoding="UTF-8"?>
<!-- Generated by org.testng.reporters.JUnitReportReporter -->
<testsuite hostname="ANagarkar-LAP-0785" failures="0" tests="4" name="project.testscenarios.FuelEfficiencyReportScript" time="86.255" errors="0" timestamp="2023-01-05T20:06:48 IST" skipped="0">
  <testcase classname="project.testscenarios.FuelEfficiencyReportScript" name="NavigatingFuelEfficiencyPage" time="16.565"/>
  <system-out/>
  <testcase classname="project.testscenarios.FuelEfficiencyReportScript" name="SearchandVerification" time="22.522"/>
  <system-out/>
  <testcase classname="project.testscenarios.FuelEfficiencyReportScript" name="DownloadFunctionality" time="11.521"/>
  <system-out/>
  <testcase classname="project.testscenarios.FuelEfficiencyReportScript" name="FilterandVerification" time="35.647"/>
  <system-out/>
</testsuite> <!-- project.testscenarios.FuelEfficiencyReportScript -->
