<?xml version="1.0" encoding="UTF-8"?>
<!-- Generated by org.testng.reporters.JUnitReportReporter -->
<testsuite hostname="ANagarkar-LAP-0785" failures="0" tests="4" name="project.testscenarios.TemperatureHumidityScript" time="29.600" errors="0" timestamp="2023-01-03T13:15:20 IST" skipped="0">
  <testcase classname="project.testscenarios.TemperatureHumidityScript" name="NavigatingTemperatureandHumidityReportPage" time="12.328"/>
  <system-out/>
  <testcase classname="project.testscenarios.TemperatureHumidityScript" name="SearchandVerification" time="5.249"/>
  <system-out/>
  <testcase classname="project.testscenarios.TemperatureHumidityScript" name="FilterandVerification" time="6.025"/>
  <system-out/>
  <testcase classname="project.testscenarios.TemperatureHumidityScript" name="DownloadFunctionality" time="5.998"/>
  <system-out/>
</testsuite> <!-- project.testscenarios.TemperatureHumidityScript -->
