<?xml version="1.0" encoding="UTF-8"?>
<!-- Generated by org.testng.reporters.JUnitReportReporter -->
<testsuite hostname="ANagarkar-LAP-0785" failures="0" tests="3" name="project.testscenarios.DutyStatusSummaryScript" time="33.969" errors="0" timestamp="2023-01-03T19:32:42 IST" skipped="0">
  <testcase classname="project.testscenarios.DutyStatusSummaryScript" name="NavigatingDutyStatusSummaryReport" time="7.857"/>
  <system-out/>
  <testcase classname="project.testscenarios.DutyStatusSummaryScript" name="SearchandVerification" time="20.522"/>
  <system-out/>
  <testcase classname="project.testscenarios.DutyStatusSummaryScript" name="FilterandVerification" time="5.590"/>
  <system-out/>
</testsuite> <!-- project.testscenarios.DutyStatusSummaryScript -->
