<?xml version="1.0" encoding="UTF-8"?>
<!-- Generated by org.testng.reporters.JUnitReportReporter -->
<testsuite hostname="ANagarkar-LAP-0785" failures="0" tests="1" name="project.testscenarios.LoginScript" time="4.835" errors="0" timestamp="2023-01-05T20:06:48 IST" skipped="0">
  <testcase classname="project.testscenarios.LoginScript" name="validUserNameandPassword" time="4.835"/>
  <system-out/>
</testsuite> <!-- project.testscenarios.LoginScript -->
