<?xml version="1.0" encoding="UTF-8"?>
<!-- Generated by org.testng.reporters.JUnitReportReporter -->
<testsuite hostname="11167-lap-0785" failures="0" tests="4" name="project.testscenarios.DashCameraScript" time="60.127" errors="0" timestamp="2023-01-11T14:30:46 IST" skipped="0">
  <testcase classname="project.testscenarios.DashCameraScript" name="NavigatingDashCamerasPage" time="31.010"/>
  <system-out/>
  <testcase classname="project.testscenarios.DashCameraScript" name="DashCameraCount" time="6.197"/>
  <system-out/>
  <testcase classname="project.testscenarios.DashCameraScript" name="SearchDashCamera" time="6.440"/>
  <system-out/>
  <testcase classname="project.testscenarios.DashCameraScript" name="DashCameraData" time="16.480"/>
  <system-out/>
</testsuite> <!-- project.testscenarios.DashCameraScript -->
