<?xml version="1.0" encoding="UTF-8"?>
<!-- Generated by org.testng.reporters.JUnitReportReporter -->
<testsuite hostname="11167-lap-0785" failures="0" tests="3" name="project.testscenarios.AlertsScript" time="36.781" errors="0" timestamp="2023-01-11T14:30:46 IST" skipped="0">
  <testcase classname="project.testscenarios.AlertsScript" name="NavigatingAlertsPage" time="2.209"/>
  <system-out/>
  <testcase classname="project.testscenarios.AlertsScript" name="AlertCountsandVerification" time="30.240"/>
  <system-out/>
  <testcase classname="project.testscenarios.AlertsScript" name="DownloadAlerts" time="4.332"/>
  <system-out/>
</testsuite> <!-- project.testscenarios.AlertsScript -->
