<?xml version="1.0" encoding="UTF-8"?>
<!-- Generated by org.testng.reporters.JUnitReportReporter -->
<testsuite hostname="ANagarkar-LAP-0785" failures="0" tests="3" name="project.testscenarios.PreTripDVIRReportScript" time="0.000" errors="0" timestamp="2023-01-03T14:06:33 IST" skipped="3">
  <testcase classname="project.testscenarios.PreTripDVIRReportScript" name="NavigatingPreTripDVIRPage" time="0.000">
    <skipped/>
  </testcase> <!-- NavigatingPreTripDVIRPage -->
  <system-out/>
  <testcase classname="project.testscenarios.PreTripDVIRReportScript" name="SearchandVerification" time="0.000">
    <skipped/>
  </testcase> <!-- SearchandVerification -->
  <system-out/>
  <testcase classname="project.testscenarios.PreTripDVIRReportScript" name="FilterandVerification" time="0.000">
    <skipped/>
  </testcase> <!-- FilterandVerification -->
  <system-out/>
</testsuite> <!-- project.testscenarios.PreTripDVIRReportScript -->
