<?xml version="1.0" encoding="UTF-8"?>
<!-- Generated by org.testng.reporters.JUnitReportReporter -->
<testsuite hostname="ANagarkar-LAP-0785" failures="0" tests="4" name="project.testscenarios.LoginScript" time="31.258" errors="0" timestamp="2022-09-08T16:43:08 IST" skipped="0">
  <testcase classname="project.testscenarios.LoginScript" name="ConfigurationSetup" time="0.640"/>
  <system-out/>
  <testcase classname="project.testscenarios.LoginScript" name="blankUserNameandPassword" time="9.451"/>
  <system-out/>
  <testcase classname="project.testscenarios.LoginScript" name="inValidUserNameandPassword" time="8.564"/>
  <system-out/>
  <testcase classname="project.testscenarios.LoginScript" name="validUserNameandPassword" time="12.603"/>
  <system-out/>
</testsuite> <!-- project.testscenarios.LoginScript -->
